[0m2021.04.06 22:12:27 INFO  Started: Metals version 0.10.1 in workspace '/home/alainaf/practice/adventure' for client vscode 1.55.0.[0m
[0m2021.04.06 22:12:28 INFO  time: initialize in 0.73s[0m
[0m2021.04.06 22:12:29 WARN  Build server is not auto-connectable.[0m
[0m2021.04.06 22:12:29 WARN  no build tool detected in workspace '/home/alainaf/practice/adventure'. The most common cause for this problem is that the editor was opened in the wrong working directory, for example if you use sbt then the workspace directory should contain build.sbt. [0m
[0m2021.04.06 22:13:26 WARN  no build target for: /home/alainaf/practice/adventure/build.sbt[0m
[0m2021.04.06 22:13:29 INFO  no build target: using presentation compiler with only scala-library: 2.12.13[0m
[0m2021.04.06 22:13:32 INFO  running '/usr/lib/jvm/java-8-openjdk-amd64/bin/java -Djline.terminal=jline.UnsupportedTerminal -Dsbt.log.noformat=true -Dfile.encoding=UTF-8 -Dsbt.version=1.4.9 -jar /tmp/metals4144041943897703203/sbt-launch.jar -Dbloop.export-jar-classifiers=sources bloopInstall'[0m
[0m2021.04.06 22:13:32 WARN  no build target for: /home/alainaf/practice/adventure/project/metals.sbt[0m
[0m2021.04.06 22:13:32 WARN  no build target for: /home/alainaf/practice/adventure/project/project/metals.sbt[0m
[0m2021.04.06 22:13:32 INFO  skipping build import with status 'Started'[0m
[0m2021.04.06 22:13:36 INFO  [info] Updated file /home/alainaf/practice/adventure/project/build.properties: set sbt.version to 1.4.9[0m
[0m2021.04.06 22:13:36 INFO  [info] welcome to sbt 1.4.9 (Private Build Java 1.8.0_282)[0m
[0m2021.04.06 22:13:42 INFO  [info] loading settings for project adventure-build-build from metals.sbt ...[0m
[0m2021.04.06 22:13:44 INFO  [info] loading project definition from /home/alainaf/practice/adventure/project/project[0m
[0m2021.04.06 22:13:50 INFO  [info] loading settings for project adventure-build from metals.sbt ...[0m
[0m2021.04.06 22:13:50 INFO  [info] loading project definition from /home/alainaf/practice/adventure/project[0m
[0m2021.04.06 22:13:56 INFO  [success] Generated .bloop/adventure-build.json[0m
[0m2021.04.06 22:13:56 INFO  [success] Total time: 6 s, completed Apr 6, 2021 10:13:56 PM[0m
Apr 06, 2021 10:13:57 PM org.eclipse.lsp4j.jsonrpc.RemoteEndpoint handleNotification
WARNING: Notification threw an exception: {
  "jsonrpc": "2.0",
  "method": "workspace/didChangeWatchedFiles",
  "params": {
    "changes": [
      {
        "uri": "file:///home/alainaf/practice/adventure/build.sbt",
        "type": 3
      }
    ]
  }
}
java.lang.RuntimeException: java.lang.reflect.InvocationTargetException
	at org.eclipse.lsp4j.jsonrpc.services.GenericEndpoint.lambda$null$0(GenericEndpoint.java:67)
	at org.eclipse.lsp4j.jsonrpc.services.GenericEndpoint.notify(GenericEndpoint.java:152)
	at org.eclipse.lsp4j.jsonrpc.RemoteEndpoint.handleNotification(RemoteEndpoint.java:220)
	at org.eclipse.lsp4j.jsonrpc.RemoteEndpoint.consume(RemoteEndpoint.java:187)
	at org.eclipse.lsp4j.jsonrpc.json.StreamMessageProducer.handleMessage(StreamMessageProducer.java:194)
	at org.eclipse.lsp4j.jsonrpc.json.StreamMessageProducer.listen(StreamMessageProducer.java:94)
	at org.eclipse.lsp4j.jsonrpc.json.ConcurrentMessageProcessor.run(ConcurrentMessageProcessor.java:113)
	at java.util.concurrent.Executors$RunnableAdapter.call(Executors.java:511)
	at java.util.concurrent.FutureTask.run(FutureTask.java:266)
	at java.util.concurrent.ThreadPoolExecutor.runWorker(ThreadPoolExecutor.java:1149)
	at java.util.concurrent.ThreadPoolExecutor$Worker.run(ThreadPoolExecutor.java:624)
	at java.lang.Thread.run(Thread.java:748)
Caused by: java.lang.reflect.InvocationTargetException
	at sun.reflect.NativeMethodAccessorImpl.invoke0(Native Method)
	at sun.reflect.NativeMethodAccessorImpl.invoke(NativeMethodAccessorImpl.java:62)
	at sun.reflect.DelegatingMethodAccessorImpl.invoke(DelegatingMethodAccessorImpl.java:43)
	at java.lang.reflect.Method.invoke(Method.java:498)
	at org.eclipse.lsp4j.jsonrpc.services.GenericEndpoint.lambda$null$0(GenericEndpoint.java:65)
	... 11 more
Caused by: java.nio.file.NoSuchFileException: /home/alainaf/practice/adventure/build.sbt
	at sun.nio.fs.UnixException.translateToIOException(UnixException.java:86)
	at sun.nio.fs.UnixException.rethrowAsIOException(UnixException.java:102)
	at sun.nio.fs.UnixException.rethrowAsIOException(UnixException.java:107)
	at sun.nio.fs.UnixFileSystemProvider.newByteChannel(UnixFileSystemProvider.java:214)
	at java.nio.file.Files.newByteChannel(Files.java:361)
	at java.nio.file.Files.newByteChannel(Files.java:407)
	at java.nio.file.Files.readAllBytes(Files.java:3152)
	at scala.meta.internal.io.PlatformFileIO$.slurp(PlatformFileIO.scala:45)
	at scala.meta.internal.io.FileIO$.slurp(FileIO.scala:24)
	at scala.meta.internal.metals.MetalsLanguageServer.$anonfun$onChange$1(MetalsLanguageServer.scala:1245)
	at scala.meta.internal.metals.MetalsLanguageServer.$anonfun$onChange$1$adapted(MetalsLanguageServer.scala:1244)
	at scala.collection.immutable.Stream.foreach(Stream.scala:533)
	at scala.meta.internal.metals.MetalsLanguageServer.onChange(MetalsLanguageServer.scala:1244)
	at scala.meta.internal.metals.MetalsLanguageServer.didChangeWatchedFiles(MetalsLanguageServer.scala:1196)
	... 16 more

[0m2021.04.06 22:13:57 INFO  [info] set current project to adventure (in build file:/home/alainaf/practice/adventure/)[0m
[0m2021.04.06 22:13:59 INFO  [success] Generated .bloop/adventure-test.json[0m
[0m2021.04.06 22:13:59 INFO  [success] Generated .bloop/adventure.json[0m
[0m2021.04.06 22:13:59 INFO  [success] Total time: 1 s, completed Apr 6, 2021 10:13:59 PM[0m
[0m2021.04.06 22:14:00 INFO  sbt bloopInstall exit: 0[0m
[0m2021.04.06 22:14:00 INFO  time: ran 'sbt bloopInstall' in 27s[0m
[0m2021.04.06 22:14:00 INFO  Attempting to connect to the build server...[0m
Starting the bsp launcher for bloop...
Opening a bsp server connection with 'bsp --protocol local --socket /tmp/bsp-launcher1896355432475014673/bsp.socket'...
Waiting for the bsp connection to come up...
[0m[32m[D][0m Loading 2 projects from '/home/alainaf/practice/adventure/.bloop'...
[0m[32m[D][0m Loading project from '/home/alainaf/practice/adventure/.bloop/adventure-test.json'
[0m[32m[D][0m Loading project from '/home/alainaf/practice/adventure/.bloop/adventure.json'
[0m[32m[D][0m Missing analysis file for project 'adventure'
[0m[32m[D][0m Missing analysis file for project 'adventure-test'
[0m[32m[D][0m Waiting for a connection at local:///tmp/bsp-launcher1896355432475014673/bsp.socket...
The server is listening for incoming connections at local:///tmp/bsp-launcher1896355432475014673/bsp.socket...
Starting thread that pumps stdin and redirects it to the bsp server...
Starting thread that pumps server stdout and redirects it to the client stdout...
[0m2021.04.06 22:14:00 INFO  tracing is disabled for protocol BSP, to enable tracing of incoming and outgoing JSON messages create an empty file at /home/alainaf/.cache/metals/bsp.trace.json[0m
[0m2021.04.06 22:14:00 INFO  Attempting to connect to the build server...[0m
Starting the bsp launcher for bloop...
Opening a bsp server connection with 'bsp --protocol local --socket /tmp/bsp-launcher1334719495705828519/bsp.socket'...
Waiting for the bsp connection to come up...
[0m[32m[D][0m Loading workspace settings from bloop.settings.json
[0m[32m[D][0m Waiting for a connection at local:///tmp/bsp-launcher1334719495705828519/bsp.socket...
The server is listening for incoming connections at local:///tmp/bsp-launcher1334719495705828519/bsp.socket...
Starting thread that pumps stdin and redirects it to the bsp server...
Starting thread that pumps server stdout and redirects it to the client stdout...
[0m2021.04.06 22:14:00 INFO  tracing is disabled for protocol BSP, to enable tracing of incoming and outgoing JSON messages create an empty file at /home/alainaf/.cache/metals/bsp.trace.json[0m
[0m2021.04.06 22:14:00 INFO  time: Connected to build server in 0.34s[0m
[0m2021.04.06 22:14:00 INFO  Connected to Build server: Bloop v1.4.8[0m
[0m2021.04.06 22:14:05 WARN  Could not find java sources in None. Java symbols will not be available.[0m
[0m2021.04.06 22:14:09 INFO  time: indexed workspace in 8.4s[0m
[0m2021.04.06 22:14:32 INFO  running '/usr/lib/jvm/java-8-openjdk-amd64/bin/java -Djline.terminal=jline.UnsupportedTerminal -Dsbt.log.noformat=true -Dfile.encoding=UTF-8 -jar /tmp/metals6670465497623734365/sbt-launch.jar -Dbloop.export-jar-classifiers=sources bloopInstall'[0m
[0m2021.04.06 22:14:35 INFO  [info] welcome to sbt 1.4.9 (Private Build Java 1.8.0_282)[0m
[0m2021.04.06 22:14:37 INFO  [info] loading settings for project adventure-build-build from metals.sbt ...[0m
[0m2021.04.06 22:14:40 INFO  [info] loading project definition from /home/alainaf/practice/adventure/project/project[0m
[0m2021.04.06 22:14:42 INFO  [info] loading settings for project adventure-build from metals.sbt ...[0m
[0m2021.04.06 22:14:42 INFO  [info] loading project definition from /home/alainaf/practice/adventure/project[0m
[0m2021.04.06 22:14:47 INFO  [success] Generated .bloop/adventure-build.json[0m
[0m2021.04.06 22:14:47 INFO  [success] Total time: 5 s, completed Apr 6, 2021 10:14:48 PM[0m
[0m2021.04.06 22:14:53 INFO  [info] loading settings for project adventure from build.sbt ...[0m
[0m2021.04.06 22:14:53 INFO  [info] set current project to adventure (in build file:/home/alainaf/practice/adventure/)[0m
[0m2021.04.06 22:14:54 INFO  [success] Generated .bloop/adventure-test.json[0m
[0m2021.04.06 22:14:54 INFO  [success] Generated .bloop/adventure.json[0m
[0m2021.04.06 22:14:54 INFO  [success] Total time: 1 s, completed Apr 6, 2021 10:14:55 PM[0m
[0m2021.04.06 22:14:54 INFO  sbt bloopInstall exit: 0[0m
[0m2021.04.06 22:14:55 INFO  time: ran 'sbt bloopInstall' in 23s[0m
[0m2021.04.06 22:14:55 INFO  Disconnecting from Bloop session...[0m
[0m2021.04.06 22:14:55 INFO  Shut down connection with build server.[0m
[0m2021.04.06 22:14:55 INFO  Shut down connection with build server.[0m
No more data in the client stdin, exiting...
No more data in the client stdin, exiting...
[0m2021.04.06 22:14:55 INFO  Attempting to connect to the build server...[0m
Starting the bsp launcher for bloop...
Opening a bsp server connection with 'bsp --protocol local --socket /tmp/bsp-launcher6197782809171886314/bsp.socket'...
Waiting for the bsp connection to come up...
[0m2021.04.06 22:14:56 INFO  tracing is disabled for protocol BSP, to enable tracing of incoming and outgoing JSON messages create an empty file at /home/alainaf/.cache/metals/bsp.trace.json[0m
[0m2021.04.06 22:14:56 INFO  Attempting to connect to the build server...[0m
[0m2021.04.06 22:14:56 INFO  tracing is disabled for protocol BSP, to enable tracing of incoming and outgoing JSON messages create an empty file at /home/alainaf/.cache/metals/bsp.trace.json[0m
[0m2021.04.06 22:14:56 INFO  time: Connected to build server in 0.64s[0m
[0m2021.04.06 22:14:56 INFO  Connected to Build server: Bloop v1.4.8[0m
[0m2021.04.06 22:14:57 WARN  Could not find java sources in None. Java symbols will not be available.[0m
[0m2021.04.06 22:14:57 INFO  time: indexed workspace in 1.27s[0m
[0m2021.04.06 22:17:31 INFO  running '/usr/lib/jvm/java-8-openjdk-amd64/bin/java -Djline.terminal=jline.UnsupportedTerminal -Dsbt.log.noformat=true -Dfile.encoding=UTF-8 -jar /tmp/metals1826260955430648900/sbt-launch.jar -Dbloop.export-jar-classifiers=sources bloopInstall'[0m
[0m2021.04.06 22:17:35 INFO  [info] welcome to sbt 1.4.9 (Private Build Java 1.8.0_282)[0m
[0m2021.04.06 22:17:38 INFO  [info] loading settings for project adventure-build-build from metals.sbt ...[0m
[0m2021.04.06 22:17:39 INFO  [info] loading project definition from /home/alainaf/practice/adventure/project/project[0m
[0m2021.04.06 22:17:41 INFO  [info] loading settings for project adventure-build from metals.sbt ...[0m
[0m2021.04.06 22:17:41 INFO  [info] loading project definition from /home/alainaf/practice/adventure/project[0m
[0m2021.04.06 22:17:47 INFO  [success] Generated .bloop/adventure-build.json[0m
[0m2021.04.06 22:17:47 INFO  [success] Total time: 5 s, completed Apr 6, 2021 10:17:47 PM[0m
[0m2021.04.06 22:17:54 INFO  [info] loading settings for project root from build.sbt ...[0m
[0m2021.04.06 22:17:54 INFO  [info] set current project to BadTextAdventure (in build file:/home/alainaf/practice/adventure/)[0m
[0m2021.04.06 22:17:54 INFO  [warn] there's a key that's not used by any other settings/tasks:[0m
[0m2021.04.06 22:17:54 INFO  [warn]  [0m
[0m2021.04.06 22:17:54 INFO  [warn] * ThisBuild / organization[0m
[0m2021.04.06 22:17:54 INFO  [warn]   +- /home/alainaf/practice/adventure/build.sbt:34[0m
[0m2021.04.06 22:17:54 INFO  [warn]  [0m
[0m2021.04.06 22:17:54 INFO  [warn] note: a setting might still be used by a command; to exclude a key from this `lintUnused` check[0m
[0m2021.04.06 22:17:54 INFO  [warn] either append it to `Global / excludeLintKeys` or call .withRank(KeyRanks.Invisible) on the key[0m
[0m2021.04.06 22:17:55 INFO  [success] Generated .bloop/root-test.json[0m
[0m2021.04.06 22:17:55 INFO  [success] Generated .bloop/root.json[0m
[0m2021.04.06 22:17:55 INFO  [warn] Removed stale /home/alainaf/practice/adventure/.bloop/adventure-test.json[0m
[0m2021.04.06 22:17:55 INFO  [warn] Removed stale /home/alainaf/practice/adventure/.bloop/adventure.json[0m
[0m2021.04.06 22:17:55 INFO  [success] Total time: 1 s, completed Apr 6, 2021 10:17:55 PM[0m
[0m2021.04.06 22:17:55 INFO  sbt bloopInstall exit: 0[0m
[0m2021.04.06 22:17:56 INFO  time: ran 'sbt bloopInstall' in 24s[0m
[0m2021.04.06 22:17:56 INFO  Disconnecting from Bloop session...[0m
[0m2021.04.06 22:17:56 INFO  Shut down connection with build server.[0m
[0m2021.04.06 22:17:56 INFO  Shut down connection with build server.[0m
[0m2021.04.06 22:17:56 INFO  Attempting to connect to the build server...[0m
[0m2021.04.06 22:17:56 INFO  tracing is disabled for protocol BSP, to enable tracing of incoming and outgoing JSON messages create an empty file at /home/alainaf/.cache/metals/bsp.trace.json[0m
[0m2021.04.06 22:17:56 INFO  Attempting to connect to the build server...[0m
[0m2021.04.06 22:17:57 INFO  tracing is disabled for protocol BSP, to enable tracing of incoming and outgoing JSON messages create an empty file at /home/alainaf/.cache/metals/bsp.trace.json[0m
[0m2021.04.06 22:17:57 INFO  time: Connected to build server in 0.61s[0m
[0m2021.04.06 22:17:57 INFO  Connected to Build server: Bloop v1.4.8[0m
[0m2021.04.06 22:17:57 WARN  Could not find java sources in None. Java symbols will not be available.[0m
[0m2021.04.06 22:17:57 INFO  time: indexed workspace in 0.63s[0m
[0m2021.04.06 22:17:58 INFO  compiling root (3 scala sources)[0m
[0m2021.04.06 22:18:00 INFO  time: compiled root in 1.51s[0m
[0m2021.04.06 22:18:07 INFO  compiling root (3 scala sources)[0m
[0m2021.04.06 22:18:08 INFO  time: compiled root in 1.38s[0m
[0m2021.04.06 22:19:42 INFO  compiling root (3 scala sources)[0m
[0m2021.04.06 22:19:42 INFO  time: compiled root in 0.47s[0m
[0m2021.04.06 22:19:46 INFO  compiling root (3 scala sources)[0m
[0m2021.04.06 22:19:46 INFO  time: compiled root in 0.33s[0m
[0m2021.04.06 22:19:49 INFO  compiling root (3 scala sources)[0m
[0m2021.04.06 22:19:49 INFO  time: compiled root in 0.36s[0m
[0m2021.04.06 22:20:43 INFO  running '/usr/lib/jvm/java-8-openjdk-amd64/bin/java -Djline.terminal=jline.UnsupportedTerminal -Dsbt.log.noformat=true -Dfile.encoding=UTF-8 -jar /tmp/metals794702694429308984/sbt-launch.jar -Dbloop.export-jar-classifiers=sources bloopInstall'[0m
[0m2021.04.06 22:20:45 INFO  [info] welcome to sbt 1.4.9 (Private Build Java 1.8.0_282)[0m
[0m2021.04.06 22:20:48 INFO  [info] loading settings for project adventure-build-build from metals.sbt ...[0m
[0m2021.04.06 22:20:49 INFO  [info] loading project definition from /home/alainaf/practice/adventure/project/project[0m
[0m2021.04.06 22:20:51 INFO  [info] loading settings for project adventure-build from metals.sbt ...[0m
[0m2021.04.06 22:20:51 INFO  [info] loading project definition from /home/alainaf/practice/adventure/project[0m
[0m2021.04.06 22:20:56 INFO  [success] Generated .bloop/adventure-build.json[0m
[0m2021.04.06 22:20:56 INFO  [success] Total time: 4 s, completed Apr 6, 2021 10:20:56 PM[0m
[0m2021.04.06 22:20:59 ERROR /home/alainaf/practice/adventure/build.sbt:38: error: value libraryDependencies is not a member of String[0m
[0m2021.04.06 22:20:59 ERROR possible cause: maybe a semicolon is missing before `value libraryDependencies'?[0m
[0m2021.04.06 22:20:59 ERROR      libraryDependencies += scalaTest % Test[0m
[0m2021.04.06 22:20:59 ERROR      ^[0m
[0m2021.04.06 22:20:59 ERROR /home/alainaf/practice/adventure/build.sbt:38: error: not found: value +=[0m
[0m2021.04.06 22:20:59 ERROR      libraryDependencies += scalaTest % Test[0m
[0m2021.04.06 22:20:59 ERROR                          ^[0m
[0m2021.04.06 22:20:59 ERROR /home/alainaf/practice/adventure/build.sbt:38: error: not found: value %[0m
[0m2021.04.06 22:20:59 ERROR      libraryDependencies += scalaTest % Test[0m
[0m2021.04.06 22:20:59 ERROR                                       ^[0m
[0m2021.04.06 22:20:59 ERROR sbt.compiler.EvalException: Type error in expression[0m
[0m2021.04.06 22:20:59 INFO  [error] sbt.compiler.EvalException: Type error in expression[0m
[0m2021.04.06 22:20:59 INFO  [error] Use 'last' for the full log.[0m
[0m2021.04.06 22:20:59 INFO  [warn] Project loading failed: (r)etry, (q)uit, (l)ast, or (i)gnore? (default: r)[0m
[0m2021.04.06 22:20:59 INFO  sbt bloopInstall exit: 1[0m
[0m2021.04.06 22:21:00 INFO  time: ran 'sbt bloopInstall' in 16s[0m
[0m2021.04.06 22:21:00 ERROR sbt command failed: /usr/lib/jvm/java-8-openjdk-amd64/bin/java -Djline.terminal=jline.UnsupportedTerminal -Dsbt.log.noformat=true -Dfile.encoding=UTF-8 -jar /tmp/metals794702694429308984/sbt-launch.jar -Dbloop.export-jar-classifiers=sources bloopInstall[0m
[0m2021.04.06 22:21:00 INFO  Disconnecting from Bloop session...[0m
[0m2021.04.06 22:21:00 INFO  Shut down connection with build server.[0m
[0m2021.04.06 22:21:00 INFO  Shut down connection with build server.[0m
[0m2021.04.06 22:21:00 INFO  Attempting to connect to the build server...[0m
[0m2021.04.06 22:21:00 INFO  tracing is disabled for protocol BSP, to enable tracing of incoming and outgoing JSON messages create an empty file at /home/alainaf/.cache/metals/bsp.trace.json[0m
[0m2021.04.06 22:21:00 INFO  Attempting to connect to the build server...[0m
[0m2021.04.06 22:21:00 INFO  tracing is disabled for protocol BSP, to enable tracing of incoming and outgoing JSON messages create an empty file at /home/alainaf/.cache/metals/bsp.trace.json[0m
[0m2021.04.06 22:21:00 INFO  time: Connected to build server in 0.11s[0m
[0m2021.04.06 22:21:00 INFO  Connected to Build server: Bloop v1.4.8[0m
[0m2021.04.06 22:21:00 WARN  Could not find java sources in None. Java symbols will not be available.[0m
[0m2021.04.06 22:21:00 INFO  time: indexed workspace in 0.64s[0m
[0m2021.04.06 22:21:00 INFO  compiling root (3 scala sources)[0m
[0m2021.04.06 22:21:00 INFO  time: compiled root in 0.55s[0m
[0m2021.04.06 22:22:41 INFO  running '/usr/lib/jvm/java-8-openjdk-amd64/bin/java -Djline.terminal=jline.UnsupportedTerminal -Dsbt.log.noformat=true -Dfile.encoding=UTF-8 -jar /tmp/metals7862254878676549355/sbt-launch.jar -Dbloop.export-jar-classifiers=sources bloopInstall'[0m
[0m2021.04.06 22:22:44 INFO  [info] welcome to sbt 1.4.9 (Private Build Java 1.8.0_282)[0m
[0m2021.04.06 22:22:46 INFO  [info] loading settings for project adventure-build-build from metals.sbt ...[0m
[0m2021.04.06 22:22:47 INFO  [info] loading project definition from /home/alainaf/practice/adventure/project/project[0m
[0m2021.04.06 22:22:49 INFO  [info] loading settings for project adventure-build from metals.sbt ...[0m
[0m2021.04.06 22:22:49 INFO  [info] loading project definition from /home/alainaf/practice/adventure/project[0m
[0m2021.04.06 22:22:55 INFO  [success] Generated .bloop/adventure-build.json[0m
[0m2021.04.06 22:22:55 INFO  [success] Total time: 5 s, completed Apr 6, 2021 10:22:55 PM[0m
[0m2021.04.06 22:22:57 ERROR /home/alainaf/practice/adventure/build.sbt:9: error: value libraryDependencies is not a member of String[0m
[0m2021.04.06 22:22:57 ERROR possible cause: maybe a semicolon is missing before `value libraryDependencies'?[0m
[0m2021.04.06 22:22:57 ERROR      libraryDependencies += scalaTest % Test[0m
[0m2021.04.06 22:22:57 ERROR      ^[0m
[0m2021.04.06 22:22:57 ERROR /home/alainaf/practice/adventure/build.sbt:9: error: not found: value +=[0m
[0m2021.04.06 22:22:57 ERROR      libraryDependencies += scalaTest % Test[0m
[0m2021.04.06 22:22:57 ERROR                          ^[0m
[0m2021.04.06 22:22:57 ERROR /home/alainaf/practice/adventure/build.sbt:9: error: not found: value %[0m
[0m2021.04.06 22:22:57 ERROR      libraryDependencies += scalaTest % Test[0m
[0m2021.04.06 22:22:57 ERROR                                       ^[0m
[0m2021.04.06 22:22:57 ERROR sbt.compiler.EvalException: Type error in expression[0m
[0m2021.04.06 22:22:57 INFO  [error] sbt.compiler.EvalException: Type error in expression[0m
[0m2021.04.06 22:22:57 INFO  [error] Use 'last' for the full log.[0m
[0m2021.04.06 22:22:57 INFO  [warn] Project loading failed: (r)etry, (q)uit, (l)ast, or (i)gnore? (default: r)[0m
[0m2021.04.06 22:22:57 INFO  sbt bloopInstall exit: 1[0m
[0m2021.04.06 22:22:57 INFO  time: ran 'sbt bloopInstall' in 16s[0m
[0m2021.04.06 22:22:57 ERROR sbt command failed: /usr/lib/jvm/java-8-openjdk-amd64/bin/java -Djline.terminal=jline.UnsupportedTerminal -Dsbt.log.noformat=true -Dfile.encoding=UTF-8 -jar /tmp/metals7862254878676549355/sbt-launch.jar -Dbloop.export-jar-classifiers=sources bloopInstall[0m
[0m2021.04.06 22:22:57 INFO  Disconnecting from Bloop session...[0m
[0m2021.04.06 22:22:57 INFO  Shut down connection with build server.[0m
[0m2021.04.06 22:22:57 INFO  Shut down connection with build server.[0m
[0m2021.04.06 22:22:57 INFO  Attempting to connect to the build server...[0m
[0m2021.04.06 22:22:58 INFO  tracing is disabled for protocol BSP, to enable tracing of incoming and outgoing JSON messages create an empty file at /home/alainaf/.cache/metals/bsp.trace.json[0m
[0m2021.04.06 22:22:58 INFO  Attempting to connect to the build server...[0m
[0m2021.04.06 22:22:57 INFO  tracing is disabled for protocol BSP, to enable tracing of incoming and outgoing JSON messages create an empty file at /home/alainaf/.cache/metals/bsp.trace.json[0m
[0m2021.04.06 22:22:57 INFO  time: Connected to build server in 0.13s[0m
[0m2021.04.06 22:22:57 INFO  Connected to Build server: Bloop v1.4.8[0m
[0m2021.04.06 22:22:58 WARN  Could not find java sources in None. Java symbols will not be available.[0m
[0m2021.04.06 22:22:58 INFO  time: indexed workspace in 0.62s[0m
[0m2021.04.06 22:22:58 INFO  compiling root (3 scala sources)[0m
[0m2021.04.06 22:22:58 INFO  time: compiled root in 0.48s[0m
[0m2021.04.06 22:23:03 INFO  compiling root (3 scala sources)[0m
[0m2021.04.06 22:23:03 INFO  time: compiled root in 0.28s[0m
[0m2021.04.06 22:23:06 INFO  compiling root (3 scala sources)[0m
[0m2021.04.06 22:23:06 INFO  time: compiled root in 0.32s[0m
[0m2021.04.06 22:23:08 INFO  compiling root (3 scala sources)[0m
[0m2021.04.06 22:23:08 INFO  time: compiled root in 0.37s[0m
[0m2021.04.06 22:23:40 INFO  running '/usr/lib/jvm/java-8-openjdk-amd64/bin/java -Djline.terminal=jline.UnsupportedTerminal -Dsbt.log.noformat=true -Dfile.encoding=UTF-8 -jar /tmp/metals6436462445451197715/sbt-launch.jar -Dbloop.export-jar-classifiers=sources bloopInstall'[0m
[0m2021.04.06 22:23:43 INFO  [info] welcome to sbt 1.4.9 (Private Build Java 1.8.0_282)[0m
[0m2021.04.06 22:23:46 INFO  [info] loading settings for project adventure-build-build from metals.sbt ...[0m
[0m2021.04.06 22:23:47 INFO  [info] loading project definition from /home/alainaf/practice/adventure/project/project[0m
[0m2021.04.06 22:23:49 INFO  [info] loading settings for project adventure-build from metals.sbt ...[0m
[0m2021.04.06 22:23:49 INFO  [info] loading project definition from /home/alainaf/practice/adventure/project[0m
[0m2021.04.06 22:23:54 INFO  [success] Generated .bloop/adventure-build.json[0m
[0m2021.04.06 22:23:54 INFO  [success] Total time: 4 s, completed Apr 6, 2021 10:23:54 PM[0m
[0m2021.04.06 22:23:55 ERROR /home/alainaf/practice/adventure/build.sbt:2: error: not found: object Dependencies[0m
[0m2021.04.06 22:23:55 ERROR import Dependencies._[0m
[0m2021.04.06 22:23:55 ERROR        ^[0m
[0m2021.04.06 22:23:55 ERROR /home/alainaf/practice/adventure/build.sbt:9: error: value libraryDependencies is not a member of String[0m
[0m2021.04.06 22:23:55 ERROR possible cause: maybe a semicolon is missing before `value libraryDependencies'?[0m
[0m2021.04.06 22:23:55 ERROR      libraryDependencies += scalaTest % Test[0m
[0m2021.04.06 22:23:55 ERROR      ^[0m
[0m2021.04.06 22:23:55 ERROR /home/alainaf/practice/adventure/build.sbt:9: error: not found: value +=[0m
[0m2021.04.06 22:23:55 ERROR      libraryDependencies += scalaTest % Test[0m
[0m2021.04.06 22:23:55 ERROR                          ^[0m
[0m2021.04.06 22:23:55 ERROR /home/alainaf/practice/adventure/build.sbt:9: error: not found: value %[0m
[0m2021.04.06 22:23:55 ERROR      libraryDependencies += scalaTest % Test[0m
[0m2021.04.06 22:23:55 ERROR                                       ^[0m
[0m2021.04.06 22:23:55 ERROR sbt.compiler.EvalException: Type error in expression[0m
[0m2021.04.06 22:23:55 INFO  [error] sbt.compiler.EvalException: Type error in expression[0m
[0m2021.04.06 22:23:55 INFO  [error] Use 'last' for the full log.[0m
[0m2021.04.06 22:23:55 INFO  [warn] Project loading failed: (r)etry, (q)uit, (l)ast, or (i)gnore? (default: r)[0m
[0m2021.04.06 22:23:57 INFO  sbt bloopInstall exit: 1[0m
[0m2021.04.06 22:23:57 INFO  time: ran 'sbt bloopInstall' in 16s[0m
[0m2021.04.06 22:23:57 ERROR sbt command failed: /usr/lib/jvm/java-8-openjdk-amd64/bin/java -Djline.terminal=jline.UnsupportedTerminal -Dsbt.log.noformat=true -Dfile.encoding=UTF-8 -jar /tmp/metals6436462445451197715/sbt-launch.jar -Dbloop.export-jar-classifiers=sources bloopInstall[0m
[0m2021.04.06 22:23:57 INFO  Disconnecting from Bloop session...[0m
[0m2021.04.06 22:23:57 INFO  Shut down connection with build server.[0m
[0m2021.04.06 22:23:57 INFO  Shut down connection with build server.[0m
[0m2021.04.06 22:23:57 INFO  Attempting to connect to the build server...[0m
[0m2021.04.06 22:23:57 INFO  tracing is disabled for protocol BSP, to enable tracing of incoming and outgoing JSON messages create an empty file at /home/alainaf/.cache/metals/bsp.trace.json[0m
[0m2021.04.06 22:23:57 INFO  Attempting to connect to the build server...[0m
[0m2021.04.06 22:23:57 INFO  tracing is disabled for protocol BSP, to enable tracing of incoming and outgoing JSON messages create an empty file at /home/alainaf/.cache/metals/bsp.trace.json[0m
[0m2021.04.06 22:23:57 INFO  time: Connected to build server in 0.14s[0m
[0m2021.04.06 22:23:57 INFO  Connected to Build server: Bloop v1.4.8[0m
[0m2021.04.06 22:23:57 WARN  Could not find java sources in None. Java symbols will not be available.[0m
[0m2021.04.06 22:23:58 INFO  time: indexed workspace in 0.78s[0m
[0m2021.04.06 22:23:58 INFO  compiling root (3 scala sources)[0m
[0m2021.04.06 22:23:58 INFO  time: compiled root in 0.47s[0m
[0m2021.04.06 22:24:38 INFO  running '/usr/lib/jvm/java-8-openjdk-amd64/bin/java -Djline.terminal=jline.UnsupportedTerminal -Dsbt.log.noformat=true -Dfile.encoding=UTF-8 -jar /tmp/metals2799241920232450768/sbt-launch.jar -Dbloop.export-jar-classifiers=sources bloopInstall'[0m
[0m2021.04.06 22:24:41 INFO  [info] welcome to sbt 1.4.9 (Private Build Java 1.8.0_282)[0m
[0m2021.04.06 22:24:43 INFO  [info] loading settings for project adventure-build-build from metals.sbt ...[0m
[0m2021.04.06 22:24:45 INFO  [info] loading project definition from /home/alainaf/practice/adventure/project/project[0m
[0m2021.04.06 22:24:47 INFO  [info] loading settings for project adventure-build from metals.sbt ...[0m
[0m2021.04.06 22:24:47 INFO  [info] loading project definition from /home/alainaf/practice/adventure/project[0m
[0m2021.04.06 22:24:51 INFO  [success] Generated .bloop/adventure-build.json[0m
[0m2021.04.06 22:24:51 INFO  [success] Total time: 4 s, completed Apr 6, 2021 10:24:51 PM[0m
[0m2021.04.06 22:24:52 ERROR /home/alainaf/practice/adventure/build.sbt:2: error: not found: object Dependencies[0m
[0m2021.04.06 22:24:52 ERROR import Dependencies._[0m
[0m2021.04.06 22:24:52 ERROR        ^[0m
[0m2021.04.06 22:24:52 ERROR /home/alainaf/practice/adventure/build.sbt:9: error: value libraryDependencies is not a member of String[0m
[0m2021.04.06 22:24:52 ERROR possible cause: maybe a semicolon is missing before `value libraryDependencies'?[0m
[0m2021.04.06 22:24:52 ERROR      libraryDependencies += scalaTest % Test[0m
[0m2021.04.06 22:24:52 ERROR      ^[0m
[0m2021.04.06 22:24:52 ERROR /home/alainaf/practice/adventure/build.sbt:9: error: not found: value +=[0m
[0m2021.04.06 22:24:52 ERROR      libraryDependencies += scalaTest % Test[0m
[0m2021.04.06 22:24:52 ERROR                          ^[0m
[0m2021.04.06 22:24:52 ERROR /home/alainaf/practice/adventure/build.sbt:9: error: not found: value %[0m
[0m2021.04.06 22:24:52 ERROR      libraryDependencies += scalaTest % Test[0m
[0m2021.04.06 22:24:52 ERROR                                       ^[0m
[0m2021.04.06 22:24:52 ERROR sbt.compiler.EvalException: Type error in expression[0m
[0m2021.04.06 22:24:52 INFO  [error] sbt.compiler.EvalException: Type error in expression[0m
[0m2021.04.06 22:24:52 INFO  [error] Use 'last' for the full log.[0m
[0m2021.04.06 22:24:52 INFO  [warn] Project loading failed: (r)etry, (q)uit, (l)ast, or (i)gnore? (default: r)[0m
[0m2021.04.06 22:24:54 INFO  sbt bloopInstall exit: 1[0m
[0m2021.04.06 22:24:54 INFO  time: ran 'sbt bloopInstall' in 16s[0m
[0m2021.04.06 22:24:54 ERROR sbt command failed: /usr/lib/jvm/java-8-openjdk-amd64/bin/java -Djline.terminal=jline.UnsupportedTerminal -Dsbt.log.noformat=true -Dfile.encoding=UTF-8 -jar /tmp/metals2799241920232450768/sbt-launch.jar -Dbloop.export-jar-classifiers=sources bloopInstall[0m
[0m2021.04.06 22:24:54 INFO  Disconnecting from Bloop session...[0m
[0m2021.04.06 22:24:54 INFO  Shut down connection with build server.[0m
[0m2021.04.06 22:24:54 INFO  Shut down connection with build server.[0m
[0m2021.04.06 22:24:54 INFO  Attempting to connect to the build server...[0m
[0m2021.04.06 22:24:54 INFO  tracing is disabled for protocol BSP, to enable tracing of incoming and outgoing JSON messages create an empty file at /home/alainaf/.cache/metals/bsp.trace.json[0m
[0m2021.04.06 22:24:54 INFO  Attempting to connect to the build server...[0m
[0m2021.04.06 22:24:54 INFO  tracing is disabled for protocol BSP, to enable tracing of incoming and outgoing JSON messages create an empty file at /home/alainaf/.cache/metals/bsp.trace.json[0m
[0m2021.04.06 22:24:54 INFO  time: Connected to build server in 0.18s[0m
[0m2021.04.06 22:24:54 INFO  Connected to Build server: Bloop v1.4.8[0m
[0m2021.04.06 22:24:54 WARN  Could not find java sources in None. Java symbols will not be available.[0m
[0m2021.04.06 22:24:54 INFO  time: indexed workspace in 0.58s[0m
[0m2021.04.06 22:24:55 INFO  compiling root (3 scala sources)[0m
[0m2021.04.06 22:24:55 INFO  time: compiled root in 0.32s[0m
[0m2021.04.06 22:25:11 INFO  running '/usr/lib/jvm/java-8-openjdk-amd64/bin/java -Djline.terminal=jline.UnsupportedTerminal -Dsbt.log.noformat=true -Dfile.encoding=UTF-8 -jar /tmp/metals4670202864987743638/sbt-launch.jar -Dbloop.export-jar-classifiers=sources bloopInstall'[0m
[0m2021.04.06 22:25:14 INFO  [info] welcome to sbt 1.4.9 (Private Build Java 1.8.0_282)[0m
[0m2021.04.06 22:25:16 INFO  [info] loading settings for project adventure-build-build from metals.sbt ...[0m
[0m2021.04.06 22:25:17 INFO  [info] loading project definition from /home/alainaf/practice/adventure/project/project[0m
[0m2021.04.06 22:25:19 INFO  [info] loading settings for project adventure-build from metals.sbt ...[0m
[0m2021.04.06 22:25:19 INFO  [info] loading project definition from /home/alainaf/practice/adventure/project[0m
[0m2021.04.06 22:25:23 INFO  [success] Generated .bloop/adventure-build.json[0m
[0m2021.04.06 22:25:23 INFO  [success] Total time: 4 s, completed Apr 6, 2021 10:25:24 PM[0m
[0m2021.04.06 22:25:25 ERROR /home/alainaf/practice/adventure/build.sbt:2: error: not found: object Dependencies[0m
[0m2021.04.06 22:25:25 ERROR import Dependencies._[0m
[0m2021.04.06 22:25:25 ERROR        ^[0m
[0m2021.04.06 22:25:25 ERROR /home/alainaf/practice/adventure/build.sbt:9: error: not found: value scalaTest[0m
[0m2021.04.06 22:25:25 ERROR      libraryDependencies += scalaTest % Test[0m
[0m2021.04.06 22:25:25 ERROR                             ^[0m
[0m2021.04.06 22:25:25 ERROR sbt.compiler.EvalException: Type error in expression[0m
[0m2021.04.06 22:25:25 INFO  [error] sbt.compiler.EvalException: Type error in expression[0m
[0m2021.04.06 22:25:25 INFO  [error] Use 'last' for the full log.[0m
[0m2021.04.06 22:25:25 INFO  [warn] Project loading failed: (r)etry, (q)uit, (l)ast, or (i)gnore? (default: r)[0m
[0m2021.04.06 22:25:26 INFO  sbt bloopInstall exit: 1[0m
[0m2021.04.06 22:25:26 INFO  time: ran 'sbt bloopInstall' in 15s[0m
[0m2021.04.06 22:25:26 ERROR sbt command failed: /usr/lib/jvm/java-8-openjdk-amd64/bin/java -Djline.terminal=jline.UnsupportedTerminal -Dsbt.log.noformat=true -Dfile.encoding=UTF-8 -jar /tmp/metals4670202864987743638/sbt-launch.jar -Dbloop.export-jar-classifiers=sources bloopInstall[0m
[0m2021.04.06 22:25:26 INFO  Disconnecting from Bloop session...[0m
[0m2021.04.06 22:25:26 INFO  Shut down connection with build server.[0m
[0m2021.04.06 22:25:26 INFO  Shut down connection with build server.[0m
[0m2021.04.06 22:25:26 INFO  Attempting to connect to the build server...[0m
[0m2021.04.06 22:25:26 INFO  tracing is disabled for protocol BSP, to enable tracing of incoming and outgoing JSON messages create an empty file at /home/alainaf/.cache/metals/bsp.trace.json[0m
[0m2021.04.06 22:25:26 INFO  Attempting to connect to the build server...[0m
[0m2021.04.06 22:25:26 INFO  tracing is disabled for protocol BSP, to enable tracing of incoming and outgoing JSON messages create an empty file at /home/alainaf/.cache/metals/bsp.trace.json[0m
[0m2021.04.06 22:25:26 INFO  time: Connected to build server in 0.12s[0m
[0m2021.04.06 22:25:26 INFO  Connected to Build server: Bloop v1.4.8[0m
[0m2021.04.06 22:25:26 WARN  Could not find java sources in None. Java symbols will not be available.[0m
[0m2021.04.06 22:25:26 INFO  time: indexed workspace in 0.56s[0m
[0m2021.04.06 22:25:27 INFO  compiling root (3 scala sources)[0m
[0m2021.04.06 22:25:27 INFO  time: compiled root in 0.35s[0m
[0m2021.04.06 22:30:50 INFO  skipping build import with status 'Failed'[0m
[0m2021.04.06 22:31:04 INFO  skipping build import with status 'Failed'[0m
[0m2021.04.06 22:31:12 INFO  skipping build import with status 'Failed'[0m
[0m2021.04.06 22:31:22 INFO  running '/usr/lib/jvm/java-8-openjdk-amd64/bin/java -Djline.terminal=jline.UnsupportedTerminal -Dsbt.log.noformat=true -Dfile.encoding=UTF-8 -jar /tmp/metals147326747997672183/sbt-launch.jar -Dbloop.export-jar-classifiers=sources bloopInstall'[0m
[0m2021.04.06 22:31:25 INFO  [info] welcome to sbt 1.4.9 (Private Build Java 1.8.0_282)[0m
[0m2021.04.06 22:31:27 INFO  [info] loading settings for project adventure-build-build from metals.sbt ...[0m
[0m2021.04.06 22:31:29 INFO  [info] loading project definition from /home/alainaf/practice/adventure/project/project[0m
[0m2021.04.06 22:31:31 INFO  [info] loading settings for project adventure-build from metals.sbt ...[0m
[0m2021.04.06 22:31:31 INFO  [info] loading project definition from /home/alainaf/practice/adventure/project[0m
[0m2021.04.06 22:31:36 INFO  [success] Generated .bloop/adventure-build.json[0m
[0m2021.04.06 22:31:36 INFO  [success] Total time: 4 s, completed Apr 6, 2021 10:31:36 PM[0m
[0m2021.04.06 22:31:39 ERROR /home/alainaf/practice/adventure/build.sbt:2: error: not found: object Dependencies[0m
[0m2021.04.06 22:31:39 ERROR import Dependencies._[0m
[0m2021.04.06 22:31:39 ERROR        ^[0m
[0m2021.04.06 22:31:40 ERROR /home/alainaf/practice/adventure/build.sbt:8: error: not found: value scalaTest[0m
[0m2021.04.06 22:31:40 ERROR     libraryDependencies += scalaTest % Tes[0m
[0m2021.04.06 22:31:40 ERROR                            ^[0m
[0m2021.04.06 22:31:40 ERROR /home/alainaf/practice/adventure/build.sbt:8: error: not found: value Tes[0m
[0m2021.04.06 22:31:40 ERROR     libraryDependencies += scalaTest % Tes[0m
[0m2021.04.06 22:31:40 ERROR                                        ^[0m
[0m2021.04.06 22:31:40 ERROR sbt.compiler.EvalException: Type error in expression[0m
[0m2021.04.06 22:31:40 INFO  [error] sbt.compiler.EvalException: Type error in expression[0m
[0m2021.04.06 22:31:40 INFO  [error] Use 'last' for the full log.[0m
[0m2021.04.06 22:31:40 INFO  [warn] Project loading failed: (r)etry, (q)uit, (l)ast, or (i)gnore? (default: r)[0m
[0m2021.04.06 22:31:40 INFO  sbt bloopInstall exit: 1[0m
[0m2021.04.06 22:31:41 INFO  time: ran 'sbt bloopInstall' in 18s[0m
[0m2021.04.06 22:31:41 ERROR sbt command failed: /usr/lib/jvm/java-8-openjdk-amd64/bin/java -Djline.terminal=jline.UnsupportedTerminal -Dsbt.log.noformat=true -Dfile.encoding=UTF-8 -jar /tmp/metals147326747997672183/sbt-launch.jar -Dbloop.export-jar-classifiers=sources bloopInstall[0m
[0m2021.04.06 22:31:41 INFO  Disconnecting from Bloop session...[0m
[0m2021.04.06 22:31:41 INFO  Shut down connection with build server.[0m
[0m2021.04.06 22:31:41 INFO  Shut down connection with build server.[0m
[0m2021.04.06 22:31:41 INFO  Attempting to connect to the build server...[0m
[0m2021.04.06 22:31:41 INFO  tracing is disabled for protocol BSP, to enable tracing of incoming and outgoing JSON messages create an empty file at /home/alainaf/.cache/metals/bsp.trace.json[0m
[0m2021.04.06 22:31:41 INFO  Attempting to connect to the build server...[0m
[0m2021.04.06 22:31:41 INFO  tracing is disabled for protocol BSP, to enable tracing of incoming and outgoing JSON messages create an empty file at /home/alainaf/.cache/metals/bsp.trace.json[0m
[0m2021.04.06 22:31:41 INFO  time: Connected to build server in 0.13s[0m
[0m2021.04.06 22:31:41 INFO  Connected to Build server: Bloop v1.4.8[0m
[0m2021.04.06 22:31:41 WARN  Could not find java sources in None. Java symbols will not be available.[0m
[0m2021.04.06 22:31:41 INFO  time: indexed workspace in 0.64s[0m
[0m2021.04.06 22:31:42 INFO  compiling root (3 scala sources)[0m
[0m2021.04.06 22:31:42 INFO  time: compiled root in 0.39s[0m
[0m2021.04.06 22:34:46 INFO  running '/usr/lib/jvm/java-8-openjdk-amd64/bin/java -Djline.terminal=jline.UnsupportedTerminal -Dsbt.log.noformat=true -Dfile.encoding=UTF-8 -jar /tmp/metals4441479485183136819/sbt-launch.jar -Dbloop.export-jar-classifiers=sources bloopInstall'[0m
[0m2021.04.06 22:34:49 INFO  [info] welcome to sbt 1.4.9 (Private Build Java 1.8.0_282)[0m
[0m2021.04.06 22:34:52 INFO  [info] loading settings for project adventure-build-build from metals.sbt ...[0m
[0m2021.04.06 22:34:54 INFO  [info] loading project definition from /home/alainaf/practice/adventure/project/project[0m
[0m2021.04.06 22:34:56 INFO  [info] loading settings for project adventure-build from metals.sbt ...[0m
[0m2021.04.06 22:34:56 INFO  [info] loading project definition from /home/alainaf/practice/adventure/project[0m
[0m2021.04.06 22:35:01 INFO  [success] Generated .bloop/adventure-build.json[0m
[0m2021.04.06 22:35:01 INFO  [success] Total time: 5 s, completed Apr 6, 2021 10:35:01 PM[0m
[0m2021.04.06 22:35:03 ERROR /home/alainaf/practice/adventure/build.sbt:2: error: not found: object Dependencies[0m
[0m2021.04.06 22:35:03 ERROR import Dependencies._[0m
[0m2021.04.06 22:35:03 ERROR        ^[0m
[0m2021.04.06 22:35:03 ERROR /home/alainaf/practice/adventure/build.sbt:8: error: not found: value scalaTest[0m
[0m2021.04.06 22:35:03 ERROR     libraryDependencies += scalaTest % Test[0m
[0m2021.04.06 22:35:03 ERROR                            ^[0m
[0m2021.04.06 22:35:03 ERROR sbt.compiler.EvalException: Type error in expression[0m
[0m2021.04.06 22:35:03 INFO  [error] sbt.compiler.EvalException: Type error in expression[0m
[0m2021.04.06 22:35:03 INFO  [error] Use 'last' for the full log.[0m
[0m2021.04.06 22:35:03 INFO  [warn] Project loading failed: (r)etry, (q)uit, (l)ast, or (i)gnore? (default: r)[0m
[0m2021.04.06 22:35:05 INFO  sbt bloopInstall exit: 1[0m
[0m2021.04.06 22:35:05 INFO  time: ran 'sbt bloopInstall' in 18s[0m
[0m2021.04.06 22:35:05 ERROR sbt command failed: /usr/lib/jvm/java-8-openjdk-amd64/bin/java -Djline.terminal=jline.UnsupportedTerminal -Dsbt.log.noformat=true -Dfile.encoding=UTF-8 -jar /tmp/metals4441479485183136819/sbt-launch.jar -Dbloop.export-jar-classifiers=sources bloopInstall[0m
[0m2021.04.06 22:35:05 INFO  Disconnecting from Bloop session...[0m
[0m2021.04.06 22:35:05 INFO  Shut down connection with build server.[0m
[0m2021.04.06 22:35:05 INFO  Shut down connection with build server.[0m
[0m2021.04.06 22:35:05 INFO  Attempting to connect to the build server...[0m
[0m2021.04.06 22:35:06 INFO  tracing is disabled for protocol BSP, to enable tracing of incoming and outgoing JSON messages create an empty file at /home/alainaf/.cache/metals/bsp.trace.json[0m
[0m2021.04.06 22:35:06 INFO  Attempting to connect to the build server...[0m
[0m2021.04.06 22:35:06 INFO  tracing is disabled for protocol BSP, to enable tracing of incoming and outgoing JSON messages create an empty file at /home/alainaf/.cache/metals/bsp.trace.json[0m
[0m2021.04.06 22:35:06 INFO  time: Connected to build server in 0.43s[0m
[0m2021.04.06 22:35:06 INFO  Connected to Build server: Bloop v1.4.8[0m
[0m2021.04.06 22:35:06 WARN  Could not find java sources in None. Java symbols will not be available.[0m
[0m2021.04.06 22:35:06 INFO  time: indexed workspace in 0.73s[0m
[0m2021.04.06 22:35:42 INFO  compiling root (3 scala sources)[0m
[0m2021.04.06 22:35:42 INFO  time: compiled root in 0.29s[0m
[0m2021.04.06 22:36:36 INFO  running '/usr/lib/jvm/java-8-openjdk-amd64/bin/java -Djline.terminal=jline.UnsupportedTerminal -Dsbt.log.noformat=true -Dfile.encoding=UTF-8 -jar /tmp/metals8844319951380572392/sbt-launch.jar -Dbloop.export-jar-classifiers=sources bloopInstall'[0m
[0m2021.04.06 22:36:39 INFO  [info] welcome to sbt 1.4.9 (Private Build Java 1.8.0_282)[0m
[0m2021.04.06 22:36:41 INFO  [info] loading settings for project adventure-build-build from metals.sbt ...[0m
[0m2021.04.06 22:36:43 INFO  [info] loading project definition from /home/alainaf/practice/adventure/project/project[0m
[0m2021.04.06 22:36:45 INFO  [info] loading settings for project adventure-build from metals.sbt ...[0m
[0m2021.04.06 22:36:45 INFO  [info] loading project definition from /home/alainaf/practice/adventure/project[0m
[0m2021.04.06 22:36:50 INFO  [success] Generated .bloop/adventure-build.json[0m
[0m2021.04.06 22:36:50 INFO  [success] Total time: 5 s, completed Apr 6, 2021 10:36:51 PM[0m
[0m2021.04.06 22:36:52 ERROR /home/alainaf/practice/adventure/build.sbt:1: error: not found: object Dependencies[0m
[0m2021.04.06 22:36:52 ERROR import Dependencies._[0m
[0m2021.04.06 22:36:52 ERROR        ^[0m
[0m2021.04.06 22:36:53 ERROR /home/alainaf/practice/adventure/build.sbt:11: error: not found: value scalaTest[0m
[0m2021.04.06 22:36:53 ERROR     libraryDependencies += scalaTest % Test[0m
[0m2021.04.06 22:36:53 ERROR                            ^[0m
[0m2021.04.06 22:36:53 ERROR sbt.compiler.EvalException: Type error in expression[0m
[0m2021.04.06 22:36:53 INFO  [error] sbt.compiler.EvalException: Type error in expression[0m
[0m2021.04.06 22:36:53 INFO  [error] Use 'last' for the full log.[0m
[0m2021.04.06 22:36:53 INFO  [warn] Project loading failed: (r)etry, (q)uit, (l)ast, or (i)gnore? (default: r)[0m
[0m2021.04.06 22:36:53 INFO  sbt bloopInstall exit: 1[0m
[0m2021.04.06 22:36:54 INFO  time: ran 'sbt bloopInstall' in 18s[0m
[0m2021.04.06 22:36:54 ERROR sbt command failed: /usr/lib/jvm/java-8-openjdk-amd64/bin/java -Djline.terminal=jline.UnsupportedTerminal -Dsbt.log.noformat=true -Dfile.encoding=UTF-8 -jar /tmp/metals8844319951380572392/sbt-launch.jar -Dbloop.export-jar-classifiers=sources bloopInstall[0m
[0m2021.04.06 22:36:54 INFO  Disconnecting from Bloop session...[0m
[0m2021.04.06 22:36:54 INFO  Shut down connection with build server.[0m
[0m2021.04.06 22:36:54 INFO  Shut down connection with build server.[0m
[0m2021.04.06 22:36:54 INFO  Attempting to connect to the build server...[0m
[0m2021.04.06 22:36:54 INFO  tracing is disabled for protocol BSP, to enable tracing of incoming and outgoing JSON messages create an empty file at /home/alainaf/.cache/metals/bsp.trace.json[0m
[0m2021.04.06 22:36:54 INFO  Attempting to connect to the build server...[0m
[0m2021.04.06 22:36:54 INFO  tracing is disabled for protocol BSP, to enable tracing of incoming and outgoing JSON messages create an empty file at /home/alainaf/.cache/metals/bsp.trace.json[0m
[0m2021.04.06 22:36:54 INFO  time: Connected to build server in 0.46s[0m
[0m2021.04.06 22:36:54 INFO  Connected to Build server: Bloop v1.4.8[0m
[0m2021.04.06 22:36:55 WARN  Could not find java sources in None. Java symbols will not be available.[0m
[0m2021.04.06 22:36:55 INFO  time: indexed workspace in 0.64s[0m
[0m2021.04.06 22:36:55 INFO  compiling root (3 scala sources)[0m
[0m2021.04.06 22:36:55 INFO  time: compiled root in 0.53s[0m
[0m2021.04.06 22:37:30 INFO  running '/usr/lib/jvm/java-8-openjdk-amd64/bin/java -Djline.terminal=jline.UnsupportedTerminal -Dsbt.log.noformat=true -Dfile.encoding=UTF-8 -jar /tmp/metals6980033555789392953/sbt-launch.jar -Dbloop.export-jar-classifiers=sources bloopInstall'[0m
[0m2021.04.06 22:37:33 INFO  [info] welcome to sbt 1.4.9 (Private Build Java 1.8.0_282)[0m
[0m2021.04.06 22:37:35 INFO  [info] loading settings for project adventure-build-build from metals.sbt ...[0m
[0m2021.04.06 22:37:37 INFO  [info] loading project definition from /home/alainaf/practice/adventure/project/project[0m
[0m2021.04.06 22:37:38 INFO  [info] loading settings for project adventure-build from metals.sbt ...[0m
[0m2021.04.06 22:37:38 INFO  [info] loading project definition from /home/alainaf/practice/adventure/project[0m
[0m2021.04.06 22:37:43 INFO  [success] Generated .bloop/adventure-build.json[0m
[0m2021.04.06 22:37:43 INFO  [success] Total time: 4 s, completed Apr 6, 2021 10:37:43 PM[0m
[0m2021.04.06 22:37:46 INFO  [info] loading settings for project adventure from build.sbt ...[0m
[0m2021.04.06 22:37:46 INFO  [info] set current project to adventure (in build file:/home/alainaf/practice/adventure/)[0m
[0m2021.04.06 22:37:46 INFO  [success] Generated .bloop/adventure.json[0m
[0m2021.04.06 22:37:46 INFO  [success] Generated .bloop/adventure-test.json[0m
[0m2021.04.06 22:37:46 INFO  [warn] Removed stale /home/alainaf/practice/adventure/.bloop/root-test.json[0m
[0m2021.04.06 22:37:46 INFO  [warn] Removed stale /home/alainaf/practice/adventure/.bloop/root.json[0m
[0m2021.04.06 22:37:46 INFO  [success] Total time: 0 s, completed Apr 6, 2021 10:37:47 PM[0m
[0m2021.04.06 22:37:48 INFO  sbt bloopInstall exit: 0[0m
[0m2021.04.06 22:37:48 INFO  time: ran 'sbt bloopInstall' in 17s[0m
[0m2021.04.06 22:37:48 INFO  Disconnecting from Bloop session...[0m
[0m2021.04.06 22:37:48 INFO  Shut down connection with build server.[0m
[0m2021.04.06 22:37:48 INFO  Shut down connection with build server.[0m
[0m2021.04.06 22:37:48 INFO  Attempting to connect to the build server...[0m
[0m2021.04.06 22:37:48 INFO  tracing is disabled for protocol BSP, to enable tracing of incoming and outgoing JSON messages create an empty file at /home/alainaf/.cache/metals/bsp.trace.json[0m
[0m2021.04.06 22:37:48 INFO  Attempting to connect to the build server...[0m
[0m2021.04.06 22:37:48 INFO  tracing is disabled for protocol BSP, to enable tracing of incoming and outgoing JSON messages create an empty file at /home/alainaf/.cache/metals/bsp.trace.json[0m
[0m2021.04.06 22:37:48 INFO  time: Connected to build server in 0.3s[0m
[0m2021.04.06 22:37:48 INFO  Connected to Build server: Bloop v1.4.8[0m
[0m2021.04.06 22:37:49 WARN  Could not find java sources in None. Java symbols will not be available.[0m
[0m2021.04.06 22:37:49 INFO  time: indexed workspace in 0.71s[0m
[0m2021.04.06 22:37:49 INFO  compiling adventure (3 scala sources)[0m
[0m2021.04.06 22:37:49 INFO  time: compiled adventure in 0.69s[0m
[0m2021.04.06 22:38:02 INFO  compiling adventure (3 scala sources)[0m
[0m2021.04.06 22:38:02 INFO  time: compiled adventure in 0.31s[0m
[0m2021.04.06 22:41:24 INFO  compiling adventure (3 scala sources)[0m
[0m2021.04.06 22:41:24 INFO  time: compiled adventure in 0.36s[0m
[0m2021.04.06 22:41:47 INFO  compiling adventure (3 scala sources)[0m
[0m2021.04.06 22:41:47 INFO  time: compiled adventure in 0.24s[0m
[0m2021.04.06 22:42:40 INFO  running '/usr/lib/jvm/java-8-openjdk-amd64/bin/java -Djline.terminal=jline.UnsupportedTerminal -Dsbt.log.noformat=true -Dfile.encoding=UTF-8 -jar /tmp/metals3892284956135954865/sbt-launch.jar -Dbloop.export-jar-classifiers=sources bloopInstall'[0m
[0m2021.04.06 22:42:42 INFO  running '/usr/lib/jvm/java-8-openjdk-amd64/bin/java -Djline.terminal=jline.UnsupportedTerminal -Dsbt.log.noformat=true -Dfile.encoding=UTF-8 -jar /tmp/metals2011110157991414826/sbt-launch.jar -Dbloop.export-jar-classifiers=sources bloopInstall'[0m
[0m2021.04.06 22:42:43 INFO  [info] welcome to sbt 1.4.9 (Private Build Java 1.8.0_282)[0m
[0m2021.04.06 22:42:46 INFO  [info] loading settings for project adventure-build-build from metals.sbt ...[0m
[0m2021.04.06 22:42:48 INFO  user cancelled sbt bloopInstall[0m
[0m2021.04.06 22:42:48 INFO  time: ran 'sbt bloopInstall' in 5.45s[0m
[0m2021.04.06 22:42:48 ERROR java.lang.NoClassDefFoundError: Could not initialize class sbt.internal.ShutdownHooks$[0m
[0m2021.04.06 22:42:48 ERROR 	at sbt.xMain$.run(Main.scala:109)[0m
[0m2021.04.06 22:42:48 ERROR 	at sun.reflect.NativeMethodAccessorImpl.invoke0(Native Method)[0m
[0m2021.04.06 22:42:48 ERROR 	at sun.reflect.NativeMethodAccessorImpl.invoke(NativeMethodAccessorImpl.java:62)[0m
[0m2021.04.06 22:42:48 ERROR 	at sun.reflect.DelegatingMethodAccessorImpl.invoke(DelegatingMethodAccessorImpl.java:43)[0m
[0m2021.04.06 22:42:48 ERROR 	at java.lang.reflect.Method.invoke(Method.java:498)[0m
[0m2021.04.06 22:42:48 ERROR 	at sbt.internal.XMainConfiguration.run(XMainConfiguration.scala:83)[0m
[0m2021.04.06 22:42:48 ERROR 	at sbt.xMain.run(Main.scala:46)[0m
[0m2021.04.06 22:42:48 ERROR 	at xsbt.boot.Launch$$anonfun$run$1.apply(Launch.scala:111)[0m
[0m2021.04.06 22:42:48 ERROR 	at xsbt.boot.Launch$.withContextLoader(Launch.scala:131)[0m
[0m2021.04.06 22:42:48 ERROR 	at xsbt.boot.Launch$.run(Launch.scala:111)[0m
[0m2021.04.06 22:42:48 ERROR 	at xsbt.boot.Launch$$anonfun$apply$1.apply(Launch.scala:37)[0m
[0m2021.04.06 22:42:48 ERROR 	at xsbt.boot.Launch$.launch(Launch.scala:120)[0m
[0m2021.04.06 22:42:48 ERROR 	at xsbt.boot.Launch$.apply(Launch.scala:20)[0m
[0m2021.04.06 22:42:48 ERROR 	at xsbt.boot.Boot$.runImpl(Boot.scala:56)[0m
[0m2021.04.06 22:42:48 ERROR 	at xsbt.boot.Boot$.main(Boot.scala:18)[0m
[0m2021.04.06 22:42:48 ERROR 	at xsbt.boot.Boot.main(Boot.scala)[0m
[0m2021.04.06 22:42:48 INFO  sbt bloopInstall exit: 143[0m
[0m2021.04.06 22:42:49 INFO  [info] loading project definition from /home/alainaf/practice/adventure/project/project[0m
[0m2021.04.06 22:42:51 INFO  [info] loading settings for project adventure-build from metals.sbt ...[0m
[0m2021.04.06 22:42:51 INFO  [info] loading project definition from /home/alainaf/practice/adventure/project[0m
[0m2021.04.06 22:42:55 INFO  [success] Generated .bloop/adventure-build.json[0m
[0m2021.04.06 22:42:55 INFO  [success] Total time: 4 s, completed Apr 6, 2021 10:42:55 PM[0m
[0m2021.04.06 22:42:55 INFO  [info] loading settings for project adventure from build.sbt ...[0m
[0m2021.04.06 22:42:56 INFO  [info] set current project to adventure (in build file:/home/alainaf/practice/adventure/)[0m
[0m2021.04.06 22:42:56 INFO  [success] Generated .bloop/adventure-test.json[0m
[0m2021.04.06 22:42:56 INFO  [success] Generated .bloop/adventure.json[0m
[0m2021.04.06 22:42:56 INFO  [success] Total time: 0 s, completed Apr 6, 2021 10:42:57 PM[0m
[0m2021.04.06 22:42:58 INFO  sbt bloopInstall exit: 0[0m
[0m2021.04.06 22:42:58 INFO  time: ran 'sbt bloopInstall' in 18s[0m
[0m2021.04.06 22:42:58 INFO  Disconnecting from Bloop session...[0m
[0m2021.04.06 22:42:58 INFO  Shut down connection with build server.[0m
[0m2021.04.06 22:42:58 INFO  Shut down connection with build server.[0m
[0m2021.04.06 22:42:58 INFO  Attempting to connect to the build server...[0m
[0m2021.04.06 22:42:58 INFO  tracing is disabled for protocol BSP, to enable tracing of incoming and outgoing JSON messages create an empty file at /home/alainaf/.cache/metals/bsp.trace.json[0m
[0m2021.04.06 22:42:58 INFO  Attempting to connect to the build server...[0m
[0m2021.04.06 22:42:58 INFO  tracing is disabled for protocol BSP, to enable tracing of incoming and outgoing JSON messages create an empty file at /home/alainaf/.cache/metals/bsp.trace.json[0m
[0m2021.04.06 22:42:58 INFO  time: Connected to build server in 0.15s[0m
[0m2021.04.06 22:42:58 INFO  Connected to Build server: Bloop v1.4.8[0m
[0m2021.04.06 22:42:58 WARN  Could not find java sources in None. Java symbols will not be available.[0m
[0m2021.04.06 22:42:58 INFO  time: indexed workspace in 0.72s[0m
[0m2021.04.06 22:42:59 INFO  compiling adventure (3 scala sources)[0m
[0m2021.04.06 22:42:59 INFO  time: compiled adventure in 0.37s[0m
[0m2021.04.06 22:43:24 INFO  skipping build import with status 'Dismissed'[0m
[0m2021.04.06 22:43:27 INFO  skipping build import with status 'Dismissed'[0m
[0m2021.04.06 22:44:19 INFO  skipping build import with status 'Dismissed'[0m
[0m2021.04.06 22:44:42 INFO  running '/usr/lib/jvm/java-8-openjdk-amd64/bin/java -Djline.terminal=jline.UnsupportedTerminal -Dsbt.log.noformat=true -Dfile.encoding=UTF-8 -jar /tmp/metals7846574586169375942/sbt-launch.jar -Dbloop.export-jar-classifiers=sources bloopInstall'[0m
[0m2021.04.06 22:44:45 INFO  [info] welcome to sbt 1.4.9 (Private Build Java 1.8.0_282)[0m
[0m2021.04.06 22:44:47 INFO  [info] loading settings for project adventure-build-build from metals.sbt ...[0m
[0m2021.04.06 22:44:48 INFO  [info] loading project definition from /home/alainaf/practice/adventure/project/project[0m
[0m2021.04.06 22:44:50 INFO  [info] loading settings for project adventure-build from metals.sbt ...[0m
[0m2021.04.06 22:44:50 INFO  [info] loading project definition from /home/alainaf/practice/adventure/project[0m
[0m2021.04.06 22:44:55 INFO  [success] Generated .bloop/adventure-build.json[0m
[0m2021.04.06 22:44:55 INFO  [success] Total time: 5 s, completed Apr 6, 2021 10:44:55 PM[0m
[0m2021.04.06 22:44:58 ERROR /home/alainaf/practice/adventure/build.sbt:6: error: not found: value scalaTest[0m
[0m2021.04.06 22:44:58 ERROR     libraryDependencies += scalaTest % Test[0m
[0m2021.04.06 22:44:58 ERROR                            ^[0m
[0m2021.04.06 22:44:58 ERROR sbt.compiler.EvalException: Type error in expression[0m
[0m2021.04.06 22:44:58 INFO  [error] sbt.compiler.EvalException: Type error in expression[0m
[0m2021.04.06 22:44:58 INFO  [error] Use 'last' for the full log.[0m
[0m2021.04.06 22:44:58 INFO  [warn] Project loading failed: (r)etry, (q)uit, (l)ast, or (i)gnore? (default: r)[0m
[0m2021.04.06 22:44:58 INFO  sbt bloopInstall exit: 1[0m
[0m2021.04.06 22:44:59 INFO  time: ran 'sbt bloopInstall' in 16s[0m
[0m2021.04.06 22:44:59 ERROR sbt command failed: /usr/lib/jvm/java-8-openjdk-amd64/bin/java -Djline.terminal=jline.UnsupportedTerminal -Dsbt.log.noformat=true -Dfile.encoding=UTF-8 -jar /tmp/metals7846574586169375942/sbt-launch.jar -Dbloop.export-jar-classifiers=sources bloopInstall[0m
[0m2021.04.06 22:44:59 INFO  Disconnecting from Bloop session...[0m
[0m2021.04.06 22:44:59 INFO  Shut down connection with build server.[0m
[0m2021.04.06 22:44:59 INFO  Shut down connection with build server.[0m
[0m2021.04.06 22:44:59 INFO  Attempting to connect to the build server...[0m
[0m2021.04.06 22:44:59 INFO  tracing is disabled for protocol BSP, to enable tracing of incoming and outgoing JSON messages create an empty file at /home/alainaf/.cache/metals/bsp.trace.json[0m
[0m2021.04.06 22:44:59 INFO  Attempting to connect to the build server...[0m
[0m2021.04.06 22:44:59 INFO  tracing is disabled for protocol BSP, to enable tracing of incoming and outgoing JSON messages create an empty file at /home/alainaf/.cache/metals/bsp.trace.json[0m
[0m2021.04.06 22:44:59 INFO  time: Connected to build server in 0.16s[0m
[0m2021.04.06 22:44:59 INFO  Connected to Build server: Bloop v1.4.8[0m
[0m2021.04.06 22:44:59 WARN  Could not find java sources in None. Java symbols will not be available.[0m
[0m2021.04.06 22:44:59 INFO  time: indexed workspace in 0.59s[0m
[0m2021.04.06 22:45:00 INFO  compiling adventure (3 scala sources)[0m
[0m2021.04.06 22:45:00 INFO  time: compiled adventure in 0.44s[0m
[0m2021.04.06 22:47:59 INFO  running '/usr/lib/jvm/java-8-openjdk-amd64/bin/java -Djline.terminal=jline.UnsupportedTerminal -Dsbt.log.noformat=true -Dfile.encoding=UTF-8 -jar /tmp/metals1598528993279285973/sbt-launch.jar -Dbloop.export-jar-classifiers=sources bloopInstall'[0m
[0m2021.04.06 22:48:01 INFO  [info] welcome to sbt 1.4.9 (Private Build Java 1.8.0_282)[0m
[0m2021.04.06 22:48:04 INFO  [info] loading settings for project adventure-build-build from metals.sbt ...[0m
[0m2021.04.06 22:48:05 INFO  [info] loading project definition from /home/alainaf/practice/adventure/project/project[0m
[0m2021.04.06 22:48:07 INFO  [info] loading settings for project adventure-build from metals.sbt ...[0m
[0m2021.04.06 22:48:07 INFO  [info] loading project definition from /home/alainaf/practice/adventure/project[0m
[0m2021.04.06 22:48:11 INFO  [success] Generated .bloop/adventure-build.json[0m
[0m2021.04.06 22:48:11 INFO  [success] Total time: 4 s, completed Apr 6, 2021 10:48:11 PM[0m
[0m2021.04.06 22:48:17 INFO  [info] loading settings for project root from build.sbt ...[0m
[0m2021.04.06 22:48:17 INFO  [info] set current project to hello-world (in build file:/home/alainaf/practice/adventure/)[0m
[0m2021.04.06 22:48:18 INFO  [success] Generated .bloop/root.json[0m
[0m2021.04.06 22:48:18 INFO  [success] Generated .bloop/root-test.json[0m
[0m2021.04.06 22:48:18 INFO  [warn] Removed stale /home/alainaf/practice/adventure/.bloop/adventure-test.json[0m
[0m2021.04.06 22:48:18 INFO  [warn] Removed stale /home/alainaf/practice/adventure/.bloop/adventure.json[0m
[0m2021.04.06 22:48:18 INFO  [success] Total time: 1 s, completed Apr 6, 2021 10:48:18 PM[0m
[0m2021.04.06 22:48:18 INFO  sbt bloopInstall exit: 0[0m
[0m2021.04.06 22:48:19 INFO  time: ran 'sbt bloopInstall' in 20s[0m
[0m2021.04.06 22:48:19 INFO  Disconnecting from Bloop session...[0m
[0m2021.04.06 22:48:19 INFO  Shut down connection with build server.[0m
[0m2021.04.06 22:48:19 INFO  Shut down connection with build server.[0m
[0m2021.04.06 22:48:19 INFO  Attempting to connect to the build server...[0m
[0m2021.04.06 22:48:19 INFO  tracing is disabled for protocol BSP, to enable tracing of incoming and outgoing JSON messages create an empty file at /home/alainaf/.cache/metals/bsp.trace.json[0m
[0m2021.04.06 22:48:19 INFO  Attempting to connect to the build server...[0m
[0m2021.04.06 22:48:19 INFO  tracing is disabled for protocol BSP, to enable tracing of incoming and outgoing JSON messages create an empty file at /home/alainaf/.cache/metals/bsp.trace.json[0m
[0m2021.04.06 22:48:19 INFO  time: Connected to build server in 0.41s[0m
[0m2021.04.06 22:48:19 INFO  Connected to Build server: Bloop v1.4.8[0m
[0m2021.04.06 22:48:20 WARN  Could not find java sources in None. Java symbols will not be available.[0m
[0m2021.04.06 22:48:20 INFO  time: indexed workspace in 0.59s[0m
[0m2021.04.06 22:48:34 INFO  compiling root (3 scala sources)[0m
[0m2021.04.06 22:48:34 INFO  time: compiled root in 0.3s[0m
[0m2021.04.06 22:48:35 INFO  skipping build import with status 'Installed'[0m
[0m2021.04.06 22:49:14 INFO  compiling root (3 scala sources)[0m
[0m2021.04.06 22:49:14 INFO  time: compiled root in 0.23s[0m
[0m2021.04.06 22:51:45 INFO  Started: Metals version 0.10.1 in workspace '/home/alainaf/practice/adventure' for client vscode 1.55.0.[0m
[0m2021.04.06 22:51:49 INFO  time: initialize in 4.64s[0m
[0m2021.04.06 22:51:53 INFO  Attempting to connect to the build server...[0m
Starting the bsp launcher for bloop...
Opening a bsp server connection with 'bsp --protocol local --socket /tmp/bsp-launcher7574313344633012180/bsp.socket'...
Waiting for the bsp connection to come up...
[0m2021.04.06 22:51:54 WARN  no build target for: /home/alainaf/practice/adventure/src/main/scala/Main.scala[0m
[0m[32m[D][0m Loading workspace settings from bloop.settings.json
[0m[32m[D][0m Waiting for a connection at local:///tmp/bsp-launcher7574313344633012180/bsp.socket...
The server is listening for incoming connections at local:///tmp/bsp-launcher7574313344633012180/bsp.socket...
Starting thread that pumps stdin and redirects it to the bsp server...
Starting thread that pumps server stdout and redirects it to the client stdout...
[0m2021.04.06 22:51:57 INFO  tracing is disabled for protocol BSP, to enable tracing of incoming and outgoing JSON messages create an empty file at /home/alainaf/.cache/metals/bsp.trace.json[0m
[0m2021.04.06 22:51:57 INFO  skipping build import with status 'Installed'[0m
[0m2021.04.06 22:51:57 INFO  Attempting to connect to the build server...[0m
Starting the bsp launcher for bloop...
Opening a bsp server connection with 'bsp --protocol local --socket /tmp/bsp-launcher2244735173926069677/bsp.socket'...
Waiting for the bsp connection to come up...
[0m[32m[D][0m Loading workspace settings from bloop.settings.json
[0m[32m[D][0m Waiting for a connection at local:///tmp/bsp-launcher2244735173926069677/bsp.socket...
The server is listening for incoming connections at local:///tmp/bsp-launcher2244735173926069677/bsp.socket...
Starting thread that pumps stdin and redirects it to the bsp server...
Starting thread that pumps server stdout and redirects it to the client stdout...
[0m2021.04.06 22:51:59 INFO  tracing is disabled for protocol BSP, to enable tracing of incoming and outgoing JSON messages create an empty file at /home/alainaf/.cache/metals/bsp.trace.json[0m
[0m2021.04.06 22:51:59 INFO  time: Connected to build server in 6.44s[0m
[0m2021.04.06 22:51:59 INFO  Connected to Build server: Bloop v1.4.8[0m
[0m2021.04.06 22:52:05 INFO  no build target: using presentation compiler with only scala-library: 2.12.13[0m
[0m2021.04.06 22:52:08 INFO  time: Imported build in 2.86s[0m
[0m2021.04.06 22:52:17 INFO  no build target: using presentation compiler with only scala-library: 2.13.3[0m
[0m2021.04.06 22:52:19 WARN  Could not find java sources in None. Java symbols will not be available.[0m
[0m2021.04.06 22:52:22 INFO  time: indexed workspace in 14s[0m
[0m2021.04.06 22:52:25 INFO  compiling root (3 scala sources)[0m
[0m2021.04.06 22:52:27 INFO  time: compiled root in 2.35s[0m
[0m2021.04.06 22:52:30 INFO  time: code lens generation in 32s[0m
[0m2021.04.06 22:56:01 INFO  shutting down Metals[0m
[0m2021.04.06 22:56:01 INFO  Shut down connection with build server.[0m
[0m2021.04.06 22:56:01 INFO  Shut down connection with build server.[0m
[0m2021.04.06 22:56:41 INFO  Shut down connection with build server.[0m
[0m2021.04.06 22:56:41 INFO  Shut down connection with build server.[0mNo more data in the client stdin, exiting...

[0m2021.04.07 09:10:06 INFO  Started: Metals version 0.10.1 in workspace '/home/alainaf/practice/adventure' for client vscode 1.55.0.[0m
[0m2021.04.07 09:10:07 INFO  time: initialize in 1.3s[0m
[0m2021.04.07 09:10:09 INFO  Attempting to connect to the build server...[0m
Starting the bsp launcher for bloop...
Opening a bsp server connection with 'bsp --protocol local --socket /tmp/bsp-launcher6648369808193931122/bsp.socket'...
Waiting for the bsp connection to come up...
[0m2021.04.07 09:10:09 WARN  no build target for: /home/alainaf/practice/adventure/src/main/scala/Main.scala[0m
[0m2021.04.07 09:10:10 INFO  skipping build import with status 'Installed'[0m
Waiting for the bsp connection to come up...
[0m2021.04.07 09:10:14 INFO  no build target: using presentation compiler with only scala-library: 2.12.13[0m
Waiting for the bsp connection to come up...
Waiting for the bsp connection to come up...
No server running at 127.0.0.1:8212, let's fire one...
Resolving ch.epfl.scala:bloop-frontend_2.12:1.4.8...
Starting bloop server at 127.0.0.1:8212...
Attempting a connection to the server...
Attempting a connection to the server...
Attempting a connection to the server...
Attempting a connection to the server...
Attempting a connection to the server...
Attempting a connection to the server...
Attempting a connection to the server...
Attempting a connection to the server...
Attempting a connection to the server...
Attempting a connection to the server...
Attempting a connection to the server...
Attempting a connection to the server...
Attempting a connection to the server...
[0m[32m[D][0m Loading workspace settings from bloop.settings.json
[0m[32m[D][0m Loading 2 projects from '/home/alainaf/practice/adventure/.bloop'...
[0m[32m[D][0m Loading project from '/home/alainaf/practice/adventure/.bloop/root.json'
[0m[32m[D][0m Loading project from '/home/alainaf/practice/adventure/.bloop/root-test.json'
[0m[32m[D][0m Cache miss for scala instance org.scala-lang:scala-compiler:2.13.3.
[0m[32m[D][0m   => /home/alainaf/.cache/coursier/v1/https/repo1.maven.org/maven2/net/java/dev/jna/jna/5.3.1/jna-5.3.1.jar
[0m[32m[D][0m   => /home/alainaf/.cache/coursier/v1/https/repo1.maven.org/maven2/org/jline/jline/3.15.0/jline-3.15.0.jar
[0m[32m[D][0m   => /home/alainaf/.cache/coursier/v1/https/repo1.maven.org/maven2/org/scala-lang/scala-compiler/2.13.3/scala-compiler-2.13.3.jar
[0m[32m[D][0m   => /home/alainaf/.cache/coursier/v1/https/repo1.maven.org/maven2/org/scala-lang/scala-library/2.13.3/scala-library-2.13.3.jar
[0m[32m[D][0m   => /home/alainaf/.cache/coursier/v1/https/repo1.maven.org/maven2/org/scala-lang/scala-reflect/2.13.3/scala-reflect-2.13.3.jar
[0m[32m[D][0m Configured SemanticDB in projects 'root', 'root-test'
[0m[32m[D][0m Missing analysis file for project 'root'
[0m[32m[D][0m Missing analysis file for project 'root-test'
[0m[32m[D][0m Waiting for a connection at local:///tmp/bsp-launcher6648369808193931122/bsp.socket...
The server is listening for incoming connections at local:///tmp/bsp-launcher6648369808193931122/bsp.socket...
[0m2021.04.07 09:10:19 INFO  time: code lens generation in 9.68s[0m
Starting thread that pumps stdin and redirects it to the bsp server...
Starting thread that pumps server stdout and redirects it to the client stdout...
[0m2021.04.07 09:10:19 INFO  tracing is disabled for protocol BSP, to enable tracing of incoming and outgoing JSON messages create an empty file at /home/alainaf/.cache/metals/bsp.trace.json[0m
[0m2021.04.07 09:10:20 INFO  Attempting to connect to the build server...[0m
Starting the bsp launcher for bloop...
Opening a bsp server connection with 'bsp --protocol local --socket /tmp/bsp-launcher6781707965092732711/bsp.socket'...
Waiting for the bsp connection to come up...
[0m[32m[D][0m Loading workspace settings from bloop.settings.json
[0m[32m[D][0m Waiting for a connection at local:///tmp/bsp-launcher6781707965092732711/bsp.socket...
The server is listening for incoming connections at local:///tmp/bsp-launcher6781707965092732711/bsp.socket...
Starting thread that pumps stdin and redirects it to the bsp server...
Starting thread that pumps server stdout and redirects it to the client stdout...
[0m2021.04.07 09:10:20 INFO  tracing is disabled for protocol BSP, to enable tracing of incoming and outgoing JSON messages create an empty file at /home/alainaf/.cache/metals/bsp.trace.json[0m
[0m2021.04.07 09:10:20 INFO  time: Connected to build server in 11s[0m
[0m2021.04.07 09:10:20 INFO  Connected to Build server: Bloop v1.4.8[0m
[0m2021.04.07 09:10:20 INFO  time: Imported build in 0.28s[0m
[0m2021.04.07 09:10:22 WARN  Could not find java sources in None. Java symbols will not be available.[0m
[0m2021.04.07 09:10:22 INFO  time: indexed workspace in 1.91s[0m
[0m2021.04.07 09:10:24 INFO  compiling root (3 scala sources)[0m
[0m2021.04.07 09:10:31 INFO  time: compiled root in 6.49s[0m
Apr 07, 2021 9:20:55 AM org.eclipse.lsp4j.jsonrpc.services.GenericEndpoint notify
INFO: Unsupported notification method: $/setTraceNotification
Apr 07, 2021 9:23:32 AM org.eclipse.lsp4j.jsonrpc.RemoteEndpoint handleCancellation
WARNING: Unmatched cancel notification for request id 15
[0m2021.04.07 09:23:34 INFO  compiling root (3 scala sources)[0m
[0m2021.04.07 09:23:34 INFO  time: compiled root in 0.68s[0m
[0m2021.04.07 09:23:37 INFO  time: code lens generation in 6.23s[0m
Apr 07, 2021 9:24:37 AM org.eclipse.lsp4j.jsonrpc.RemoteEndpoint handleCancellation
WARNING: Unmatched cancel notification for request id 26
[0m2021.04.07 09:25:41 INFO  running '/usr/lib/jvm/java-8-openjdk-amd64/bin/java -Djline.terminal=jline.UnsupportedTerminal -Dsbt.log.noformat=true -Dfile.encoding=UTF-8 -jar /tmp/metals8538444224738077961/sbt-launch.jar -Dbloop.export-jar-classifiers=sources bloopInstall'[0m
[0m2021.04.07 09:25:45 INFO  [info] welcome to sbt 1.4.9 (Private Build Java 1.8.0_282)[0m
[0m2021.04.07 09:25:48 INFO  [info] loading settings for project adventure-build-build from metals.sbt ...[0m
[0m2021.04.07 09:25:49 INFO  [info] loading project definition from /home/alainaf/practice/adventure/project/project[0m
[0m2021.04.07 09:25:52 INFO  [info] loading settings for project adventure-build from metals.sbt ...[0m
[0m2021.04.07 09:25:52 INFO  [info] loading project definition from /home/alainaf/practice/adventure/project[0m
[0m2021.04.07 09:25:57 INFO  [success] Generated .bloop/adventure-build.json[0m
[0m2021.04.07 09:25:58 INFO  [success] Total time: 6 s, completed Apr 7, 2021 9:25:58 AM[0m
[0m2021.04.07 09:25:58 INFO  [info] loading settings for project adventure from build.sbt ...[0m
[0m2021.04.07 09:25:58 INFO  [info] set current project to adventure (in build file:/home/alainaf/practice/adventure/)[0m
[0m2021.04.07 09:26:00 INFO  [success] Generated .bloop/adventure.json[0m
[0m2021.04.07 09:26:00 INFO  [success] Generated .bloop/adventure-test.json[0m
[0m2021.04.07 09:26:00 INFO  [warn] Removed stale /home/alainaf/practice/adventure/.bloop/root-test.json[0m
[0m2021.04.07 09:26:00 INFO  [warn] Removed stale /home/alainaf/practice/adventure/.bloop/root.json[0m
[0m2021.04.07 09:26:00 INFO  [success] Total time: 1 s, completed Apr 7, 2021 9:26:01 AM[0m
[0m2021.04.07 09:26:02 INFO  time: ran 'sbt bloopInstall' in 20s[0m
[0m2021.04.07 09:26:02 INFO  sbt bloopInstall exit: 0[0m
[0m2021.04.07 09:26:02 INFO  Disconnecting from Bloop session...[0m
[0m2021.04.07 09:26:02 INFO  Shut down connection with build server.[0m
[0m2021.04.07 09:26:02 INFO  Shut down connection with build server.[0m
No more data in the client stdin, exiting...
No more data in the client stdin, exiting...
[0m2021.04.07 09:26:02 INFO  Attempting to connect to the build server...[0m
Starting the bsp launcher for bloop...
Opening a bsp server connection with 'bsp --protocol local --socket /tmp/bsp-launcher5485446088049440920/bsp.socket'...
Waiting for the bsp connection to come up...
[0m2021.04.07 09:26:02 INFO  tracing is disabled for protocol BSP, to enable tracing of incoming and outgoing JSON messages create an empty file at /home/alainaf/.cache/metals/bsp.trace.json[0m
[0m2021.04.07 09:26:02 INFO  Attempting to connect to the build server...[0m
[0m2021.04.07 09:26:02 INFO  tracing is disabled for protocol BSP, to enable tracing of incoming and outgoing JSON messages create an empty file at /home/alainaf/.cache/metals/bsp.trace.json[0m
[0m2021.04.07 09:26:02 INFO  time: Connected to build server in 0.2s[0m
[0m2021.04.07 09:26:02 INFO  Connected to Build server: Bloop v1.4.8[0m
[0m2021.04.07 09:26:03 WARN  Could not find java sources in None. Java symbols will not be available.[0m
[0m2021.04.07 09:26:03 INFO  time: indexed workspace in 0.81s[0m
[0m2021.04.07 09:26:03 INFO  compiling adventure (3 scala sources)[0m
[0m2021.04.07 09:26:11 WARN  there were four deprecation warnings (since 2.11.0); re-run with -deprecation for details[0m
[0m2021.04.07 09:26:11 INFO  time: compiled adventure in 7.75s[0m
[0m2021.04.07 09:28:29 INFO  compiling adventure (1 scala source)[0m
[0m2021.04.07 09:28:32 INFO  time: compiled adventure in 2.96s[0m
[0m2021.04.07 09:29:05 INFO  compiling adventure (1 scala source)[0m
[0m2021.04.07 09:29:09 INFO  time: compiled adventure in 3.46s[0m
[0m2021.04.07 09:29:19 INFO  running '/usr/lib/jvm/java-8-openjdk-amd64/bin/java -Djline.terminal=jline.UnsupportedTerminal -Dsbt.log.noformat=true -Dfile.encoding=UTF-8 -jar /tmp/metals1851863021307085103/sbt-launch.jar -Dbloop.export-jar-classifiers=sources bloopInstall'[0m
[0m2021.04.07 09:29:22 INFO  [info] welcome to sbt 1.4.9 (Private Build Java 1.8.0_282)[0m
[0m2021.04.07 09:29:24 INFO  [info] loading settings for project adventure-build-build from metals.sbt ...[0m
[0m2021.04.07 09:29:26 INFO  [info] loading project definition from /home/alainaf/practice/adventure/project/project[0m
[0m2021.04.07 09:29:28 INFO  [info] loading settings for project adventure-build from metals.sbt ...[0m
[0m2021.04.07 09:29:28 INFO  [info] loading project definition from /home/alainaf/practice/adventure/project[0m
[0m2021.04.07 09:29:33 INFO  [success] Generated .bloop/adventure-build.json[0m
[0m2021.04.07 09:29:33 INFO  [success] Total time: 4 s, completed Apr 7, 2021 9:29:33 AM[0m
[0m2021.04.07 09:29:37 INFO  [info] loading settings for project adventure from build.sbt ...[0m
[0m2021.04.07 09:29:37 INFO  [info] set current project to adventure (in build file:/home/alainaf/practice/adventure/)[0m
[0m2021.04.07 09:29:38 INFO  [success] Generated .bloop/adventure.json[0m
[0m2021.04.07 09:29:38 INFO  [success] Generated .bloop/adventure-test.json[0m
[0m2021.04.07 09:29:38 INFO  [success] Total time: 1 s, completed Apr 7, 2021 9:29:38 AM[0m
[0m2021.04.07 09:29:38 INFO  sbt bloopInstall exit: 0[0m
[0m2021.04.07 09:29:39 INFO  time: ran 'sbt bloopInstall' in 19s[0m
[0m2021.04.07 09:29:39 INFO  Disconnecting from Bloop session...[0m
[0m2021.04.07 09:29:39 INFO  Shut down connection with build server.[0m
[0m2021.04.07 09:29:39 INFO  Shut down connection with build server.[0m
[0m2021.04.07 09:29:39 INFO  Attempting to connect to the build server...[0m
[0m2021.04.07 09:29:39 INFO  tracing is disabled for protocol BSP, to enable tracing of incoming and outgoing JSON messages create an empty file at /home/alainaf/.cache/metals/bsp.trace.json[0m
[0m2021.04.07 09:29:39 INFO  Attempting to connect to the build server...[0m
[0m2021.04.07 09:29:39 INFO  tracing is disabled for protocol BSP, to enable tracing of incoming and outgoing JSON messages create an empty file at /home/alainaf/.cache/metals/bsp.trace.json[0m
[0m2021.04.07 09:29:39 INFO  time: Connected to build server in 0.15s[0m
[0m2021.04.07 09:29:39 INFO  Connected to Build server: Bloop v1.4.8[0m
[0m2021.04.07 09:29:40 WARN  Could not find java sources in None. Java symbols will not be available.[0m
[0m2021.04.07 09:29:40 INFO  time: indexed workspace in 0.57s[0m
[0m2021.04.07 09:29:40 INFO  compiling adventure (3 scala sources)[0m
[0m2021.04.07 09:29:44 INFO  time: compiled adventure in 4s[0m
[0m2021.04.07 09:30:45 INFO  running '/usr/lib/jvm/java-8-openjdk-amd64/bin/java -Djline.terminal=jline.UnsupportedTerminal -Dsbt.log.noformat=true -Dfile.encoding=UTF-8 -jar /tmp/metals540715457124832036/sbt-launch.jar -Dbloop.export-jar-classifiers=sources bloopInstall'[0m
[0m2021.04.07 09:30:49 INFO  [info] welcome to sbt 1.4.9 (Private Build Java 1.8.0_282)[0m
[0m2021.04.07 09:30:51 INFO  [info] loading settings for project adventure-build-build from metals.sbt ...[0m
[0m2021.04.07 09:30:52 INFO  [info] loading project definition from /home/alainaf/practice/adventure/project/project[0m
[0m2021.04.07 09:30:54 INFO  [info] loading settings for project adventure-build from metals.sbt ...[0m
[0m2021.04.07 09:30:54 INFO  [info] loading project definition from /home/alainaf/practice/adventure/project[0m
[0m2021.04.07 09:30:58 INFO  [success] Generated .bloop/adventure-build.json[0m
[0m2021.04.07 09:30:58 INFO  [success] Total time: 4 s, completed Apr 7, 2021 9:30:59 AM[0m
[0m2021.04.07 09:31:02 ERROR /home/alainaf/practice/adventure/build.sbt:87: error: not found: value scalaTest[0m
[0m2021.04.07 09:31:02 ERROR     libraryDependencies += scalaTest % Test[0m
[0m2021.04.07 09:31:02 ERROR                            ^[0m
[0m2021.04.07 09:31:02 ERROR sbt.compiler.EvalException: Type error in expression[0m
[0m2021.04.07 09:31:02 INFO  [error] sbt.compiler.EvalException: Type error in expression[0m
[0m2021.04.07 09:31:02 INFO  [error] Use 'last' for the full log.[0m
[0m2021.04.07 09:31:02 INFO  [warn] Project loading failed: (r)etry, (q)uit, (l)ast, or (i)gnore? (default: r)[0m
[0m2021.04.07 09:31:02 INFO  sbt bloopInstall exit: 1[0m
[0m2021.04.07 09:31:03 INFO  time: ran 'sbt bloopInstall' in 17s[0m
[0m2021.04.07 09:31:03 ERROR sbt command failed: /usr/lib/jvm/java-8-openjdk-amd64/bin/java -Djline.terminal=jline.UnsupportedTerminal -Dsbt.log.noformat=true -Dfile.encoding=UTF-8 -jar /tmp/metals540715457124832036/sbt-launch.jar -Dbloop.export-jar-classifiers=sources bloopInstall[0m
[0m2021.04.07 09:31:03 INFO  Disconnecting from Bloop session...[0m
[0m2021.04.07 09:31:03 INFO  Shut down connection with build server.[0m
[0m2021.04.07 09:31:03 INFO  Shut down connection with build server.[0m
[0m2021.04.07 09:31:03 INFO  Attempting to connect to the build server...[0m
[0m2021.04.07 09:31:03 INFO  tracing is disabled for protocol BSP, to enable tracing of incoming and outgoing JSON messages create an empty file at /home/alainaf/.cache/metals/bsp.trace.json[0m
[0m2021.04.07 09:31:03 INFO  Attempting to connect to the build server...[0m
[0m2021.04.07 09:31:03 INFO  tracing is disabled for protocol BSP, to enable tracing of incoming and outgoing JSON messages create an empty file at /home/alainaf/.cache/metals/bsp.trace.json[0m
[0m2021.04.07 09:31:03 INFO  time: Connected to build server in 0.17s[0m
[0m2021.04.07 09:31:03 INFO  Connected to Build server: Bloop v1.4.8[0m
[0m2021.04.07 09:31:03 WARN  Could not find java sources in None. Java symbols will not be available.[0m
[0m2021.04.07 09:31:03 INFO  time: indexed workspace in 0.59s[0m
[0m2021.04.07 09:31:28 INFO  running '/usr/lib/jvm/java-8-openjdk-amd64/bin/java -Djline.terminal=jline.UnsupportedTerminal -Dsbt.log.noformat=true -Dfile.encoding=UTF-8 -jar /tmp/metals8789178566975672389/sbt-launch.jar -Dbloop.export-jar-classifiers=sources bloopInstall'[0m
[0m2021.04.07 09:31:31 INFO  [info] welcome to sbt 1.4.9 (Private Build Java 1.8.0_282)[0m
[0m2021.04.07 09:31:34 INFO  [info] loading settings for project adventure-build-build from metals.sbt ...[0m
[0m2021.04.07 09:31:35 INFO  [info] loading project definition from /home/alainaf/practice/adventure/project/project[0m
[0m2021.04.07 09:31:37 INFO  [info] loading settings for project adventure-build from metals.sbt ...[0m
[0m2021.04.07 09:31:37 INFO  [info] loading project definition from /home/alainaf/practice/adventure/project[0m
[0m2021.04.07 09:31:42 INFO  [success] Generated .bloop/adventure-build.json[0m
[0m2021.04.07 09:31:42 INFO  [success] Total time: 5 s, completed Apr 7, 2021 9:31:43 AM[0m
[0m2021.04.07 09:31:47 INFO  [info] loading settings for project root from build.sbt ...[0m
[0m2021.04.07 09:31:47 INFO  [info] set current project to Adventure (in build file:/home/alainaf/practice/adventure/)[0m
[0m2021.04.07 09:31:47 INFO  [success] Generated .bloop/root-test.json[0m
[0m2021.04.07 09:31:47 INFO  [success] Generated .bloop/root.json[0m
[0m2021.04.07 09:31:48 INFO  [warn] Removed stale /home/alainaf/practice/adventure/.bloop/adventure-test.json[0m
[0m2021.04.07 09:31:48 INFO  [warn] Removed stale /home/alainaf/practice/adventure/.bloop/adventure.json[0m
[0m2021.04.07 09:31:48 INFO  [success] Total time: 0 s, completed Apr 7, 2021 9:31:48 AM[0m
[0m2021.04.07 09:31:48 INFO  sbt bloopInstall exit: 0[0m
[0m2021.04.07 09:31:49 INFO  time: ran 'sbt bloopInstall' in 20s[0m
[0m2021.04.07 09:31:49 INFO  Disconnecting from Bloop session...[0m
[0m2021.04.07 09:31:49 INFO  Shut down connection with build server.[0m
[0m2021.04.07 09:31:49 INFO  Shut down connection with build server.[0m
[0m2021.04.07 09:31:49 INFO  Attempting to connect to the build server...[0m
[0m2021.04.07 09:31:49 INFO  tracing is disabled for protocol BSP, to enable tracing of incoming and outgoing JSON messages create an empty file at /home/alainaf/.cache/metals/bsp.trace.json[0m
[0m2021.04.07 09:31:49 INFO  Attempting to connect to the build server...[0m
[0m2021.04.07 09:31:49 INFO  tracing is disabled for protocol BSP, to enable tracing of incoming and outgoing JSON messages create an empty file at /home/alainaf/.cache/metals/bsp.trace.json[0m
[0m2021.04.07 09:31:49 INFO  time: Connected to build server in 0.51s[0m
[0m2021.04.07 09:31:49 INFO  Connected to Build server: Bloop v1.4.8[0m
[0m2021.04.07 09:31:50 WARN  Could not find java sources in None. Java symbols will not be available.[0m
[0m2021.04.07 09:31:50 INFO  time: indexed workspace in 0.57s[0m
[0m2021.04.07 09:32:04 INFO  compiling root (3 scala sources)[0m
[0m2021.04.07 09:32:06 INFO  time: compiled root in 2.11s[0m
[0m2021.04.07 09:32:27 INFO  running '/usr/lib/jvm/java-8-openjdk-amd64/bin/java -Djline.terminal=jline.UnsupportedTerminal -Dsbt.log.noformat=true -Dfile.encoding=UTF-8 -jar /tmp/metals8237449013842816264/sbt-launch.jar -Dbloop.export-jar-classifiers=sources bloopInstall'[0m
[0m2021.04.07 09:32:30 INFO  [info] welcome to sbt 1.4.9 (Private Build Java 1.8.0_282)[0m
[0m2021.04.07 09:32:32 INFO  [info] loading settings for project adventure-build-build from metals.sbt ...[0m
[0m2021.04.07 09:32:33 INFO  [info] loading project definition from /home/alainaf/practice/adventure/project/project[0m
[0m2021.04.07 09:32:35 INFO  [info] loading settings for project adventure-build from metals.sbt ...[0m
[0m2021.04.07 09:32:35 INFO  [info] loading project definition from /home/alainaf/practice/adventure/project[0m
[0m2021.04.07 09:32:39 INFO  [success] Generated .bloop/adventure-build.json[0m
[0m2021.04.07 09:32:39 INFO  [success] Total time: 4 s, completed Apr 7, 2021 9:32:39 AM[0m
[0m2021.04.07 09:32:44 INFO  [info] loading settings for project root from build.sbt ...[0m
[0m2021.04.07 09:32:44 INFO  [info] set current project to Adventure (in build file:/home/alainaf/practice/adventure/)[0m
[0m2021.04.07 09:32:45 INFO  [success] Generated .bloop/root-test.json[0m
[0m2021.04.07 09:32:45 INFO  [success] Generated .bloop/root.json[0m
[0m2021.04.07 09:32:45 INFO  [success] Total time: 0 s, completed Apr 7, 2021 9:32:45 AM[0m
[0m2021.04.07 09:32:45 INFO  sbt bloopInstall exit: 0[0m
[0m2021.04.07 09:32:46 INFO  time: ran 'sbt bloopInstall' in 18s[0m
[0m2021.04.07 09:32:46 INFO  Disconnecting from Bloop session...[0m
[0m2021.04.07 09:32:46 INFO  Shut down connection with build server.[0m
[0m2021.04.07 09:32:46 INFO  Shut down connection with build server.[0m
[0m2021.04.07 09:32:46 INFO  Attempting to connect to the build server...[0m
[0m2021.04.07 09:32:46 INFO  tracing is disabled for protocol BSP, to enable tracing of incoming and outgoing JSON messages create an empty file at /home/alainaf/.cache/metals/bsp.trace.json[0m
[0m2021.04.07 09:32:46 INFO  Attempting to connect to the build server...[0m
[0m2021.04.07 09:32:46 INFO  tracing is disabled for protocol BSP, to enable tracing of incoming and outgoing JSON messages create an empty file at /home/alainaf/.cache/metals/bsp.trace.json[0m
[0m2021.04.07 09:32:46 INFO  time: Connected to build server in 0.13s[0m
[0m2021.04.07 09:32:46 INFO  Connected to Build server: Bloop v1.4.8[0m
[0m2021.04.07 09:32:46 WARN  Could not find java sources in None. Java symbols will not be available.[0m
[0m2021.04.07 09:32:46 INFO  time: indexed workspace in 0.56s[0m
[0m2021.04.07 09:32:47 INFO  compiling root (3 scala sources)[0m
[0m2021.04.07 09:32:50 INFO  time: compiled root in 2.26s[0m
